\BOOKMARK [1][-]{section.1}{Introdu\347\343o}{}
\BOOKMARK [1][-]{section.2}{Contextualiza\347\343o}{}
\BOOKMARK [1][-]{section.3}{Objectivos pretendidos}{}
\BOOKMARK [2][-]{subsection.3.1}{Modelo de refer\352ncia internacional OAIS}{section.3}
\BOOKMARK [3][-]{subsubsection.3.1.1}{SIP e o Processo de Ingest\343o}{subsection.3.1}
\BOOKMARK [3][-]{subsubsection.3.1.2}{AIP e armazenamento de projectos}{subsection.3.1}
\BOOKMARK [3][-]{subsubsection.3.1.3}{DIP e a dissemina\347\343o/publica\347\343o de conte\372dos}{subsection.3.1}
\BOOKMARK [1][-]{section.4}{Caso de Estudo}{}
\BOOKMARK [1][-]{section.5}{Levantamento de Requisitos}{}
\BOOKMARK [2][-]{subsection.5.1}{Especifica\347\343o dos Requisitos}{section.5}
\BOOKMARK [3][-]{subsubsection.5.1.1}{Dados}{subsection.5.1}
\BOOKMARK [3][-]{subsubsection.5.1.2}{An\341lise das normas internacionais para a cataloga\347\343o de obras de arte}{subsection.5.1}
\BOOKMARK [1][-]{section.6}{Concep\347\343o/desenho do Sistema}{}
\BOOKMARK [2][-]{subsection.6.1}{Ambiente de Trabalho}{section.6}
\BOOKMARK [3][-]{subsubsection.6.1.1}{Linguagens de Programa\347\343o e Tecnologias}{subsection.6.1}
\BOOKMARK [3][-]{subsubsection.6.1.2}{Suporte}{subsection.6.1}
\BOOKMARK [3][-]{subsubsection.6.1.3}{Editor de Texto/IDE}{subsection.6.1}
\BOOKMARK [2][-]{subsection.6.2}{Reposit\363rio para os Dados}{section.6}
\BOOKMARK [3][-]{subsubsection.6.2.1}{Descri\347\343o da Base de Dados Relacional}{subsection.6.2}
\BOOKMARK [2][-]{subsection.6.3}{Povoa\347\343o da Base de Dados a partir dos documentos fornecidos}{section.6}
\BOOKMARK [3][-]{subsubsection.6.3.1}{Zincogravuras}{subsection.6.3}
\BOOKMARK [3][-]{subsubsection.6.3.2}{Fotografias}{subsection.6.3}
\BOOKMARK [1][-]{section.7}{Alternativas, Decis\365es e Problemas de Implementa\347\343o}{}
\BOOKMARK [1][-]{section.8}{Conclus\365es}{}
\BOOKMARK [1][-]{section.A}{Scripts em Perl}{}
