\BOOKMARK [1][-]{section.1}{Introdu\357\277\275\357\277\275o}{}
\BOOKMARK [1][-]{section.2}{Contextualiza\357\277\275\357\277\275o}{}
\BOOKMARK [1][-]{section.3}{Objectivos pretendidos}{}
\BOOKMARK [2][-]{subsection.3.1}{Modelo de refer\357\277\275ncia internacional OAIS}{section.3}
\BOOKMARK [3][-]{subsubsection.3.1.1}{SIP e o Processo de Ingest\357\277\275o}{subsection.3.1}
\BOOKMARK [3][-]{subsubsection.3.1.2}{AIP e armazenamento de projetos}{subsection.3.1}
\BOOKMARK [3][-]{subsubsection.3.1.3}{DIP e a dissemina\357\277\275\357\277\275o/publica\357\277\275\357\277\275o de conte\357\277\275dos}{subsection.3.1}
\BOOKMARK [1][-]{section.4}{Caso de Estudo}{}
\BOOKMARK [1][-]{section.5}{Levantamento de Requisitos}{}
\BOOKMARK [2][-]{subsection.5.1}{Especifica\357\277\275\357\277\275o dos Requisitos}{section.5}
\BOOKMARK [3][-]{subsubsection.5.1.1}{An\357\277\275lise das normas internacionais para a cataloga\357\277\275\357\277\275o de obras de arte}{subsection.5.1}
\BOOKMARK [3][-]{subsubsection.5.1.2}{Dados}{subsection.5.1}
\BOOKMARK [3][-]{subsubsection.5.1.3}{Pedidos}{subsection.5.1}
\BOOKMARK [3][-]{subsubsection.5.1.4}{Rela\357\277\275\357\277\275es}{subsection.5.1}
\BOOKMARK [1][-]{section.6}{Concep\357\277\275\357\277\275o/desenho da Resolu\357\277\275\357\277\275o}{}
\BOOKMARK [2][-]{subsection.6.1}{An\357\277\275lise das normas internacionais para a cataloga\357\277\275\357\277\275o de obras de arte}{section.6}
\BOOKMARK [2][-]{subsection.6.2}{Estruturas de Dados}{section.6}
\BOOKMARK [2][-]{subsection.6.3}{Algoritmos}{section.6}
\BOOKMARK [1][-]{section.7}{Codifica\357\277\275\357\277\275o e Testes}{}
\BOOKMARK [2][-]{subsection.7.1}{Alternativas, Decis\357\277\275es e Problemas de Implementa\357\277\275\357\277\275o}{section.7}
\BOOKMARK [2][-]{subsection.7.2}{Testes realizados e Resultados}{section.7}
\BOOKMARK [1][-]{section.8}{Conclus\357\277\275es}{}
\BOOKMARK [1][-]{section.A}{C\357\277\275digo do Programa}{}
