\BOOKMARK [1][-]{section.1}{introdu\347\343o}{}
\BOOKMARK [1][-]{section.2}{Contextualiza\347\343o}{}
\BOOKMARK [1][-]{section.3}{Objectivos pretendidos}{}
\BOOKMARK [2][-]{subsection.3.1}{Modelo de refer\352ncia internacional OAIS}{section.3}
\BOOKMARK [3][-]{subsubsection.3.1.1}{SIP e o Processo de Ingest\343o}{subsection.3.1}
\BOOKMARK [3][-]{subsubsection.3.1.2}{AIP e armazenamento de projetos}{subsection.3.1}
\BOOKMARK [3][-]{subsubsection.3.1.3}{DIP e a dissemina\347\343o/publica\347\343o de conte\372dos}{subsection.3.1}
\BOOKMARK [1][-]{section.4}{Caso de Estudo}{}
\BOOKMARK [1][-]{section.5}{Levantamento de Requisitos}{}
\BOOKMARK [2][-]{subsection.5.1}{Especifica\347\343o dos Requisitos}{section.5}
\BOOKMARK [3][-]{subsubsection.5.1.1}{an\341lise das normas internacionais para a cataloga\347\343o de obras de arte}{subsection.5.1}
\BOOKMARK [3][-]{subsubsection.5.1.2}{Dados}{subsection.5.1}
\BOOKMARK [3][-]{subsubsection.5.1.3}{Pedidos}{subsection.5.1}
\BOOKMARK [3][-]{subsubsection.5.1.4}{Rela\347\365es}{subsection.5.1}
\BOOKMARK [1][-]{section.6}{Ambiente de Trabalho}{}
\BOOKMARK [2][-]{subsection.6.1}{Linguagens de Programa\347\343o}{section.6}
\BOOKMARK [3][-]{subsubsection.6.1.1}{Yii Framework}{subsection.6.1}
\BOOKMARK [2][-]{subsection.6.2}{Ferramentas}{section.6}
\BOOKMARK [1][-]{section.7}{Concep\347\343o/desenho da Resolu\347\343o}{}
\BOOKMARK [2][-]{subsection.7.1}{Base de Dados}{section.7}
\BOOKMARK [3][-]{subsubsection.7.1.1}{Contextualiza\347\343o}{subsection.7.1}
\BOOKMARK [3][-]{subsubsection.7.1.2}{Modelo de Dados}{subsection.7.1}
\BOOKMARK [3][-]{subsubsection.7.1.3}{Escolha do Motor de Base de Dados}{subsection.7.1}
\BOOKMARK [2][-]{subsection.7.2}{Algoritmos}{section.7}
\BOOKMARK [3][-]{subsubsection.7.2.1}{Fotografias}{subsection.7.2}
\BOOKMARK [3][-]{subsubsection.7.2.2}{Zincogravuras}{subsection.7.2}
\BOOKMARK [2][-]{subsection.7.3}{Plataforma Web}{section.7}
\BOOKMARK [3][-]{subsubsection.7.3.1}{Back office}{subsection.7.3}
\BOOKMARK [3][-]{subsubsection.7.3.2}{Front office}{subsection.7.3}
\BOOKMARK [3][-]{subsubsection.7.3.3}{Salas de Exposi\347\343o do Museu}{subsection.7.3}
\BOOKMARK [1][-]{section.8}{Trabalho futuro}{}
\BOOKMARK [1][-]{section.9}{Conclus\365es}{}
\BOOKMARK [1][-]{section.A}{Schema XSD da DSL para especificar uma sala}{}
