This is pdfTeX, Version 3.1415926-1.40.10 (TeX Live 2009/Debian) (format=pdflatex 2011.12.3)  25 JUL 2012 03:54
entering extended mode
 %&-line parsing enabled.
**pi-relatorio.tex
(./pi-relatorio.tex
LaTeX2e <2009/09/24>
Babel <v3.8l> and hyphenation patterns for english, usenglishmax, dumylang, noh
yphenation, french, basque, portuguese, loaded.
(/usr/share/texmf-texlive/tex/latex/base/article.cls
Document Class: article 2007/10/19 v1.4h Standard LaTeX document class
(/usr/share/texmf-texlive/tex/latex/base/size10.clo
File: size10.clo 2007/10/19 v1.4h Standard LaTeX file (size option)
)
\c@part=\count79
\c@section=\count80
\c@subsection=\count81
\c@subsubsection=\count82
\c@paragraph=\count83
\c@subparagraph=\count84
\c@figure=\count85
\c@table=\count86
\abovecaptionskip=\skip41
\belowcaptionskip=\skip42
\bibindent=\dimen102
)
(/usr/share/texmf-texlive/tex/generic/babel/babel.sty
Package: babel 2008/07/06 v3.8l The Babel package

(/usr/share/texmf-texlive/tex/generic/babel/portuges.ldf
Language: portuges 2008/03/18 v1.2q Portuguese support from the babel system

(/usr/share/texmf-texlive/tex/generic/babel/babel.def
File: babel.def 2008/07/06 v3.8l Babel common definitions
\babel@savecnt=\count87
\U@D=\dimen103
)
Package babel Info: Making " an active character on input line 145.
))
(/usr/share/texmf-texlive/tex/latex/base/inputenc.sty
Package: inputenc 2008/03/30 v1.1d Input encoding file
\inpenc@prehook=\toks14
\inpenc@posthook=\toks15

(/usr/share/texmf-texlive/tex/latex/base/latin1.def
File: latin1.def 2008/03/30 v1.1d Input encoding file
))
(/usr/share/texmf-texlive/tex/latex/base/fontenc.sty
Package: fontenc 2005/09/27 v1.99g Standard LaTeX package

(/usr/share/texmf-texlive/tex/latex/base/t1enc.def
File: t1enc.def 2005/09/27 v1.99g Standard LaTeX file
LaTeX Font Info:    Redeclaring font encoding T1 on input line 43.
))
(/usr/share/texmf-texlive/tex/latex/fancyvrb/fancyvrb.sty
Package: fancyvrb 2008/02/07

Style option: `fancyvrb' v2.7a, with DG/SPQR fixes, and firstline=lastline fix 
<2008/02/07> (tvz) (/usr/share/texmf-texlive/tex/latex/graphics/keyval.sty
Package: keyval 1999/03/16 v1.13 key=value parser (DPC)
\KV@toks@=\toks16
)
\FV@CodeLineNo=\count88
\FV@InFile=\read1
\FV@TabBox=\box26
\c@FancyVerbLine=\count89
\FV@StepNumber=\count90
\FV@OutFile=\write3
)
(/usr/share/texmf-texlive/tex/latex/ltxmisc/url.sty
\Urlmuskip=\muskip10
Package: url 2006/04/12  ver 3.3  Verb mode for urls, etc.
)
(/usr/share/texmf-texlive/tex/latex/graphics/graphicx.sty
Package: graphicx 1999/02/16 v1.0f Enhanced LaTeX Graphics (DPC,SPQR)

(/usr/share/texmf-texlive/tex/latex/graphics/graphics.sty
Package: graphics 2009/02/05 v1.0o Standard LaTeX Graphics (DPC,SPQR)

(/usr/share/texmf-texlive/tex/latex/graphics/trig.sty
Package: trig 1999/03/16 v1.09 sin cos tan (DPC)
)
(/etc/texmf/tex/latex/config/graphics.cfg
File: graphics.cfg 2009/08/28 v1.8 graphics configuration of TeX Live
)
Package graphics Info: Driver file: pdftex.def on input line 91.

(/usr/share/texmf-texlive/tex/latex/pdftex-def/pdftex.def
File: pdftex.def 2010/03/12 v0.04p Graphics/color for pdfTeX
\Gread@gobject=\count91
))
\Gin@req@height=\dimen104
\Gin@req@width=\dimen105
)
(/usr/share/texmf-texlive/tex/latex/float/float.sty
Package: float 2001/11/08 v1.3d Float enhancements (AL)
\c@float@type=\count92
\float@exts=\toks17
\float@box=\box27
\@float@everytoks=\toks18
\@floatcapt=\box28
)
(/usr/share/texmf-texlive/tex/latex/preprint/authblk.sty
Package: authblk 2001/02/27 1.3 (PWD)
\affilsep=\skip43
\@affilsep=\skip44
\c@Maxaffil=\count93
\c@authors=\count94
\c@affil=\count95
)
(/usr/share/texmf-texlive/tex/latex/tools/indentfirst.sty
Package: indentfirst 1995/11/23 v1.03 Indent first paragraph (DPC)
)
(/usr/share/texmf-texlive/tex/latex/hyperref/hyperref.sty
Package: hyperref 2009/10/09 v6.79a Hypertext links for LaTeX

(/usr/share/texmf-texlive/tex/generic/oberdiek/ifpdf.sty
Package: ifpdf 2009/04/10 v2.0 Provides the ifpdf switch (HO)
Package ifpdf Info: pdfTeX in pdf mode detected.
)
(/usr/share/texmf-texlive/tex/generic/oberdiek/ifvtex.sty
Package: ifvtex 2008/11/04 v1.4 Switches for detecting VTeX and its modes (HO)
Package ifvtex Info: VTeX not detected.
)
(/usr/share/texmf-texlive/tex/generic/ifxetex/ifxetex.sty
Package: ifxetex 2009/01/23 v0.5 Provides ifxetex conditional
)
(/usr/share/texmf-texlive/tex/latex/oberdiek/hycolor.sty
Package: hycolor 2009/10/02 v1.5 Code for color options of hyperref/bookmark (H
O)

(/usr/share/texmf-texlive/tex/latex/oberdiek/xcolor-patch.sty
Package: xcolor-patch 2009/10/02 xcolor patch
))
\@linkdim=\dimen106
\Hy@linkcounter=\count96
\Hy@pagecounter=\count97

(/usr/share/texmf-texlive/tex/latex/hyperref/pd1enc.def
File: pd1enc.def 2009/10/09 v6.79a Hyperref: PDFDocEncoding definition (HO)
)
(/usr/share/texmf-texlive/tex/generic/oberdiek/etexcmds.sty
Package: etexcmds 2007/12/12 v1.2 Prefix for e-TeX command names (HO)

(/usr/share/texmf-texlive/tex/generic/oberdiek/infwarerr.sty
Package: infwarerr 2007/09/09 v1.2 Providing info/warning/message (HO)
)
Package etexcmds Info: Could not find \expanded.
(etexcmds)             That can mean that you are not using pdfTeX 1.50 or
(etexcmds)             that some package has redefined \expanded.
(etexcmds)             In the latter case, load this package earlier.
)
(/usr/share/texmf-texlive/tex/latex/latexconfig/hyperref.cfg
File: hyperref.cfg 2002/06/06 v1.2 hyperref configuration of TeXLive
)
(/usr/share/texmf-texlive/tex/latex/oberdiek/kvoptions.sty
Package: kvoptions 2009/08/13 v3.4 Keyval support for LaTeX options (HO)

(/usr/share/texmf-texlive/tex/generic/oberdiek/kvsetkeys.sty
Package: kvsetkeys 2009/07/30 v1.5 Key value parser with default handler suppor
t (HO)
))
Package hyperref Info: Hyper figures OFF on input line 2975.
Package hyperref Info: Link nesting OFF on input line 2980.
Package hyperref Info: Hyper index ON on input line 2983.
Package hyperref Info: Plain pages OFF on input line 2990.
Package hyperref Info: Backreferencing OFF on input line 2995.

Implicit mode ON; LaTeX internals redefined
Package hyperref Info: Bookmarks ON on input line 3191.
LaTeX Info: Redefining \url on input line 3428.
(/usr/share/texmf-texlive/tex/generic/oberdiek/bitset.sty
Package: bitset 2007/09/28 v1.0 Data type bit set (HO)

(/usr/share/texmf-texlive/tex/generic/oberdiek/intcalc.sty
Package: intcalc 2007/09/27 v1.1 Expandable integer calculations (HO)
)
(/usr/share/texmf-texlive/tex/generic/oberdiek/bigintcalc.sty
Package: bigintcalc 2007/11/11 v1.1 Expandable big integer calculations (HO)

(/usr/share/texmf-texlive/tex/generic/oberdiek/pdftexcmds.sty
Package: pdftexcmds 2009/09/23 v0.6 LuaTeX support for pdfTeX utility functions
 (HO)

(/usr/share/texmf-texlive/tex/generic/oberdiek/ifluatex.sty
Package: ifluatex 2009/04/17 v1.2 Provides the ifluatex switch (HO)
Package ifluatex Info: LuaTeX not detected.
)
(/usr/share/texmf-texlive/tex/generic/oberdiek/ltxcmds.sty
Package: ltxcmds 2009/08/05 v1.0 Some LaTeX kernel commands for general use (HO
)
)
Package pdftexcmds Info: LuaTeX not detected.
Package pdftexcmds Info: \pdf@primitive is available.
Package pdftexcmds Info: \pdf@ifprimitive is available.
)))
\Fld@menulength=\count98
\Field@Width=\dimen107
\Fld@charsize=\dimen108
\Field@toks=\toks19
Package hyperref Info: Hyper figures OFF on input line 4377.
Package hyperref Info: Link nesting OFF on input line 4382.
Package hyperref Info: Hyper index ON on input line 4385.
Package hyperref Info: backreferencing OFF on input line 4392.
Package hyperref Info: Link coloring OFF on input line 4397.
Package hyperref Info: Link coloring with OCG OFF on input line 4402.
Package hyperref Info: PDF/A mode OFF on input line 4407.

(/usr/share/texmf-texlive/tex/generic/oberdiek/atbegshi.sty
Package: atbegshi 2008/07/31 v1.9 At begin shipout hook (HO)
)
\Hy@abspage=\count99
\c@Item=\count100
\c@Hfootnote=\count101
)
*hyperref using default driver hpdftex*
(/usr/share/texmf-texlive/tex/latex/hyperref/hpdftex.def
File: hpdftex.def 2009/10/09 v6.79a Hyperref driver for pdfTeX
\Fld@listcount=\count102
)
(/usr/share/texmf-texlive/tex/latex/footmisc/footmisc.sty
Package: footmisc 2009/09/15 v5.5a a miscellany of footnote facilities
\FN@temptoken=\toks20
\footnotemargin=\dimen109
\c@pp@next@reset=\count103
Package footmisc Info: Declaring symbol style bringhurst on input line 855.
Package footmisc Info: Declaring symbol style chicago on input line 863.
Package footmisc Info: Declaring symbol style wiley on input line 872.
Package footmisc Info: Declaring symbol style lamport-robust on input line 883.

Package footmisc Info: Declaring symbol style lamport* on input line 903.
Package footmisc Info: Declaring symbol style lamport*-robust on input line 924
.
)
(/usr/share/texmf-texlive/tex/latex/titlesec/titlesec.sty
Package: titlesec 2007/08/12 v2.8 Sectioning titles
\ttl@box=\box29
\beforetitleunit=\skip45
\aftertitleunit=\skip46
\ttl@plus=\dimen110
\ttl@minus=\dimen111
\ttl@toksa=\toks21
\titlewidth=\dimen112
\titlewidthlast=\dimen113
\titlewidthfirst=\dimen114
)
(/usr/share/texmf-texlive/tex/latex/aeguill/aeguill.sty
Package: aeguill 2003/08/02 1.02 AE fonts with french guillemets (D. Roegel)

(/usr/share/texmf-texlive/tex/latex/ae/ae.sty
Package: ae 2001/02/12 1.3 Almost European Computer Modern

(/usr/share/texmf-texlive/tex/latex/base/fontenc.sty
Package: fontenc 2005/09/27 v1.99g Standard LaTeX package

(/usr/share/texmf-texlive/tex/latex/base/t1enc.def
File: t1enc.def 2005/09/27 v1.99g Standard LaTeX file
LaTeX Font Info:    Redeclaring font encoding T1 on input line 43.
)
LaTeX Font Info:    Try loading font information for T1+aer on input line 100.

(/usr/share/texmf-texlive/tex/latex/ae/t1aer.fd
File: t1aer.fd 1997/11/16 Font definitions for T1/aer.
))))
(/usr/share/texmf-texlive/tex/latex/geometry/geometry.sty
Package: geometry 2008/12/21 v4.2 Page Geometry
\Gm@cnth=\count104
\Gm@cntv=\count105
\c@Gm@tempcnt=\count106
\Gm@bindingoffset=\dimen115
\Gm@wd@mp=\dimen116
\Gm@odd@mp=\dimen117
\Gm@even@mp=\dimen118
\Gm@dimlist=\toks22


Package geometry Warning: Over-specification in `h'-direction.
    `width' (0.8\paperwidth ) is ignored.


Package geometry Warning: Over-specification in `v'-direction.
    `height' (0.9\paperheight ) is ignored.

) (/usr/share/texmf-texlive/tex/latex/listings/listings.sty
\lst@mode=\count107
\lst@gtempboxa=\box30
\lst@token=\toks23
\lst@length=\count108
\lst@currlwidth=\dimen119
\lst@column=\count109
\lst@pos=\count110
\lst@lostspace=\dimen120
\lst@width=\dimen121
\lst@newlines=\count111
\lst@lineno=\count112
\lst@maxwidth=\dimen122

(/usr/share/texmf-texlive/tex/latex/listings/lstmisc.sty
File: lstmisc.sty 2007/02/22 1.4 (Carsten Heinz)
\c@lstnumber=\count113
\lst@skipnumbers=\count114
\lst@framebox=\box31
)
(/usr/share/texmf-texlive/tex/latex/listings/listings.cfg
File: listings.cfg 2007/02/22 1.4 listings configuration
))
Package: listings 2007/02/22 1.4 (Carsten Heinz)
 (./pi-relatorio.aux)
\openout1 = `pi-relatorio.aux'.

LaTeX Font Info:    Checking defaults for OML/cmm/m/it on input line 35.
LaTeX Font Info:    ... okay on input line 35.
LaTeX Font Info:    Checking defaults for T1/cmr/m/n on input line 35.
LaTeX Font Info:    ... okay on input line 35.
LaTeX Font Info:    Checking defaults for OT1/cmr/m/n on input line 35.
LaTeX Font Info:    ... okay on input line 35.
LaTeX Font Info:    Checking defaults for OMS/cmsy/m/n on input line 35.
LaTeX Font Info:    ... okay on input line 35.
LaTeX Font Info:    Checking defaults for OMX/cmex/m/n on input line 35.
LaTeX Font Info:    ... okay on input line 35.
LaTeX Font Info:    Checking defaults for U/cmr/m/n on input line 35.
LaTeX Font Info:    ... okay on input line 35.
LaTeX Font Info:    Checking defaults for PD1/pdf/m/n on input line 35.
LaTeX Font Info:    ... okay on input line 35.
 (/usr/share/texmf-texlive/tex/context/base/supp-pdf.mkii
[Loading MPS to PDF converter (version 2006.09.02).]
\scratchcounter=\count115
\scratchdimen=\dimen123
\scratchbox=\box32
\nofMPsegments=\count116
\nofMParguments=\count117
\everyMPshowfont=\toks24
\MPscratchCnt=\count118
\MPscratchDim=\dimen124
\MPnumerator=\count119
\everyMPtoPDFconversion=\toks25
)
Package hyperref Info: Link coloring OFF on input line 35.
 (/usr/share/texmf-texlive/tex/latex/hyperref/nameref.sty
Package: nameref 2007/05/29 v2.31 Cross-referencing by name of section

(/usr/share/texmf-texlive/tex/latex/oberdiek/refcount.sty
Package: refcount 2008/08/11 v3.1 Data extraction from references (HO)
)
\c@section@level=\count120
)
LaTeX Info: Redefining \ref on input line 35.
LaTeX Info: Redefining \pageref on input line 35.
 (./pi-relatorio.out) (./pi-relatorio.out)
\@outlinefile=\write4
\openout4 = `pi-relatorio.out'.

\AtBeginShipoutBox=\box33

*geometry auto-detecting driver*
*geometry detected driver: pdftex*
-------------------- Geometry parameters
paper: a4paper
landscape: --
twocolumn: --
twoside: true
asymmetric: --
h-parts: 56.9055pt, 483.69687pt, 56.9055pt
v-parts: 42.67912pt, 745.46222pt, 56.9055pt
hmarginratio: --
vmarginratio: --
lines: --
heightrounded: --
bindingoffset: 0.0pt
truedimen: --
includehead: true
includefoot: true
includemp: --
driver: pdftex
-------------------- Page layout dimensions and switches
\paperwidth  597.50787pt
\paperheight 845.04684pt
\textwidth  483.69687pt
\textheight 678.46222pt
\oddsidemargin  -15.36449pt
\evensidemargin -15.36449pt
\topmargin  -29.59087pt
\headheight 12.0pt
\headsep    25.0pt
\footskip   30.0pt
\marginparwidth 57.0pt
\marginparsep   11.0pt
\columnsep  10.0pt
\skip\footins  9.0pt plus 4.0pt minus 2.0pt
\hoffset 0.0pt
\voffset 0.0pt
\mag 1000
\@twosidetrue \@mparswitchtrue 
(1in=72.27pt, 1cm=28.45pt)
-----------------------
\c@lstlisting=\count121
[1

{/var/lib/texmf/fonts/map/pdftex/updmap/pdftex.map}]pdfTeX warning (ext4): dest
ination with the same identifier (name{page.1}) has been already used, duplicat
e ignored
<to be read again> 
                   \relax 
l.42 	\end{abstract}
                     [1] (./pi-relatorio.toc
LaTeX Font Info:    External font `cmex10' loaded for size
(Font)              <7> on input line 5.
LaTeX Font Info:    External font `cmex10' loaded for size
(Font)              <5> on input line 5.
)
\tf@toc=\write5
\openout5 = `pi-relatorio.toc'.

 [2]
LaTeX Font Info:    External font `cmex10' loaded for size
(Font)              <8> on input line 57.
LaTeX Font Info:    External font `cmex10' loaded for size
(Font)              <6> on input line 57.
 [3]
LaTeX Font Info:    Try loading font information for T1+aett on input line 71.

(/usr/share/texmf-texlive/tex/latex/ae/t1aett.fd
File: t1aett.fd 1997/11/16 Font definitions for T1/aett.
)
LaTeX Font Info:    Try loading font information for OMS+aer on input line 78.

(/usr/share/texmf/tex/latex/R/tex/latex/omsaer.fd
File: omsaer.fd 1999/12/27
)
LaTeX Font Info:    Font shape `OMS/aer/m/n' in size <10> not available
(Font)              Font shape `OMS/cmsy/m/n' tried instead on input line 78.
 [4]
<./imagens/OAIS.png, id=188, 549.05125pt x 287.0725pt>
File: ./imagens/OAIS.png Graphic file (type png)

<use ./imagens/OAIS.png> [5 <./imagens/OAIS.png (PNG copy)>]
<imagens/CGB052.JPG, id=193, 823.878pt x 542.5068pt>
File: imagens/CGB052.JPG Graphic file (type jpg)
 <use imagens/CGB052.JPG>
<imagens/004.jpg, id=194, 269.808pt x 351.9549pt>
File: imagens/004.jpg Graphic file (type jpg)
 <use imagens/004.jpg>
[6 <./imagens/CGB052.JPG>] <imagens/0059.jpg, id=200, 409.7709pt x 326.6604pt>
File: imagens/0059.jpg Graphic file (type jpg)

<use imagens/0059.jpg> [7 <./imagens/004.jpg> <./imagens/0059.jpg>] [8]
[9]
Overfull \hbox (60.47128pt too wide) in paragraph at lines 342--344
[]\T1/aer/bx/n/10 Object_Work_Titles {id_object_Work_Titles, ti-tle, pref, type
, lang, lang-term-source, \T1/aer/bx/it/10 Ob-ject_Work_Record\T1/aer/bx/n/10 }
 
 []

[10] [11]
Overfull \hbox (14.42273pt too wide) in paragraph at lines 592--595
[]\T1/aer/bx/n/10 ConservationTreatmentHistory \T1/aer/m/n/10 {id_conservationT
reatmentHistory, \T1/aer/m/it/10 tre-at-ment-Date\T1/aer/m/n/10 , \T1/aer/m/it/
10 Ob-ject_Work_Record\T1/aer/m/n/10 } 
 []


Overfull \hbox (6.04947pt too wide) in paragraph at lines 652--656
[]\T1/aer/bx/n/10 ConservationTreatmentDescriptions \T1/aer/m/n/10 {id_conserva
tionTreatmentDescriptions, Con-ser-va-ti-on-Tre-at-ment-
 []

[12] [13] [14]
Overfull \hbox (43.67511pt too wide) in paragraph at lines 1101--1104
[]\T1/aer/bx/n/10 CreationPlaces \T1/aer/m/n/10 {id_creationPlaces, cre-a-ti-on
-Place, term-source, term-sour-ceID, pla-ce-Qua-li-fier, \T1/aer/m/it/10 Ob-jec
t_Work_Record\T1/aer/m/n/10 } 
 []

[15] [16] [17]
Overfull \hbox (8.94316pt too wide) in paragraph at lines 1465--1475
[]\T1/aer/bx/n/10 ExhibitionVenues \T1/aer/m/n/10 {id_exhibitionVenues, \T1/aer
/m/it/10 Exhi-bi-ti-o-nHis-tory\T1/aer/m/n/10 , exhi-bi-ti-on-Ve-nue, \T1/aer/m
/it/10 Exhi-bi-ti-on-Ve-nu-e-Date\T1/aer/m/n/10 }   Cor-
 []

[18]
Overfull \hbox (0.23317pt too wide) in paragraph at lines 1549--1560
[]\T1/aer/bx/n/10 ExhibitionVenueDates \T1/aer/m/n/10 {id_ExhibitionVenueDate, 
exhi-bi-ti-on-Ve-nu-e-Date, \T1/aer/m/it/10 ear-li-est-Date\T1/aer/m/n/10 , \T1
/aer/m/it/10 la-test-Date\T1/aer/m/n/10 }   Cor-
 []


Overfull \hbox (2.91042pt too wide) in paragraph at lines 1583--1588
[]\T1/aer/bx/n/10 ExhibitionOrganizers \T1/aer/m/n/10 {id_exhibitionOrganizer, 
exhi-bi-ti-o-nOr-ga-ni-zer-Name, exhi-bi-ti-o-nOr-ga-ni-zer-Lo-ca-tion,
 []

[19] [20] [21] [22] [23] [24] [25]
Overfull \hbox (1.84125pt too wide) in paragraph at lines 2596--2599
[]\T1/aer/bx/n/10 TreatmentTypes_ConservationTreatmentHistory \T1/aer/m/n/10 {\
T1/aer/m/it/10 TreatmentType\T1/aer/m/n/10 , \T1/aer/m/it/10 Con-ser-va-ti-on-T
re-at-mentHis-tory\T1/aer/m/n/10 } 
 []

[26] [27]
Overfull \hbox (35.06216pt too wide) in paragraph at lines 2896--2896
[]\T1/aett/m/n/10 Legenda                         Nas montanhas - região de Cha
ves ? as casas de madeira e está frio.[] 
 []


Overfull \hbox (24.58218pt too wide) in paragraph at lines 2896--2896
[]                                \T1/aett/m/n/10 Esta mulher decorou as parede
s com jornais e organizou as panelas[] 
 []


Overfull \hbox (24.58218pt too wide) in paragraph at lines 2896--2896
[]                                \T1/aett/m/n/10 não os usa... Para mim, trata
-se de um testemunho de resistência,[] 
 []

[28]
Overfull \hbox (160.82193pt too wide) in paragraph at lines 2919--2919
[]    \T1/aett/m/n/10 <legenda>Emigrante português lendo um jornal do seu país 
num estaleiro de obras nos subúrbios de Paris, 1967.</legenda>[] 
 []

[29] [30]
Overfull \hbox (11.49649pt too wide) in paragraph at lines 3027--3028
[]\T1/aer/m/n/10 Este car-re-ga-mento é feito atra-vés de ou-tra script Perl. N
esta script foi uti-li-zada um mó-dulo Perl (XML::Simple)
 []

[31] <imagens/form1.png, id=315, 957.5775pt x 745.78625pt>
File: imagens/form1.png Graphic file (type png)

<use imagens/form1.png> <imagens/form2.png, id=316, 962.59625pt x 771.88374pt>
File: imagens/form2.png Graphic file (type png)

<use imagens/form2.png> [32 <./imagens/form1.png (PNG copy)>]
<imagens/esq.png, id=322, 537.50812pt x 442.65375pt>
File: imagens/esq.png Graphic file (type png)
 <use imagens/esq.png>
[33 <./imagens/form2.png (PNG copy)> <./imagens/esq.png (PNG copy)>]
<imagens/img2.png, id=329, 964.60374pt x 716.6775pt>
File: imagens/img2.png Graphic file (type png)
 <use imagens/img2.png>
<imagens/img3.png, id=330, 729.72626pt x 478.78876pt>
File: imagens/img3.png Graphic file (type png)
 <use imagens/img3.png>
[34 <./imagens/img2.png (PNG copy)>]
<imagens/img5.png, id=340, 872.25874pt x 512.91624pt>
File: imagens/img5.png Graphic file (type png)
 <use imagens/img5.png>
<imagens/procura.png, id=341, 965.6075pt x 755.82375pt>
File: imagens/procura.png Graphic file (type png)

<use imagens/procura.png> [35 <./imagens/img3.png (PNG copy)> <./imagens/img5.p
ng (PNG copy)>]
Underfull \hbox (badness 10000) in paragraph at lines 3121--3125

 []

[36 <./imagens/procura.png (PNG copy)>]
(/usr/share/texmf-texlive/tex/latex/listings/lstlang1.sty
File: lstlang1.sty 2004/09/05 1.3 listings language file
)
(/usr/share/texmf-texlive/tex/latex/listings/lstmisc.sty
File: lstmisc.sty 2007/02/22 1.4 (Carsten Heinz)
)
Package hyperref Info: bookmark level for unknown lstlisting defaults to 0 on i
nput line 3134.
 (./code/xml1.txt)
[37] <imagens/tema1.png, id=385, 199.74625pt x 250.9375pt>
File: imagens/tema1.png Graphic file (type png)

<use imagens/tema1.png> <imagens/tema2.png, id=386, 196.735pt x 252.945pt>
File: imagens/tema2.png Graphic file (type png)

<use imagens/tema2.png> <imagens/tema3.png, id=387, 200.75pt x 253.94875pt>
File: imagens/tema3.png Graphic file (type png)

<use imagens/tema3.png> [38 <./imagens/tema1.png (PNG copy)> <./imagens/tema2.p
ng (PNG copy)> <./imagens/tema3.png (PNG copy)>] [39] [40]
<relatoriopartebruno-img1.jpg, id=403, 648.4225pt x 1508.63625pt>
File: relatoriopartebruno-img1.jpg Graphic file (type jpg)

<use relatoriopartebruno-img1.jpg> [41 <./relatoriopartebruno-img1.jpg>]
(./pi-relatorio.aux) ) 
Here is how much of TeX's memory you used:
 7963 strings out of 495014
 111521 string characters out of 1180707
 219192 words of memory out of 3000000
 10831 multiletter control sequences out of 15000+50000
 44644 words of font info for 87 fonts, out of 3000000 for 9000
 30 hyphenation exceptions out of 8191
 38i,8n,52p,923b,1127s stack positions out of 5000i,500n,10000p,200000b,50000s
pdfTeX warning (dest): name{Hfootnote.5} has been referen
ced but does not exist, replaced by a fixed one

pdfTeX warning (dest): name{Hfootnote.4} has been referenced but does not exist
, replaced by a fixed one

pdfTeX warning (dest): name{Hfootnote.3} has been referenced but does not exist
, replaced by a fixed one

pdfTeX warning (dest): name{Hfootnote.2} has been referenced but does not exist
, replaced by a fixed one

pdfTeX warning (dest): name{Hfootnote.1} has been referenced but does not exist
, replaced by a fixed one

</usr/share/texmf-texlive/fonts/type1/public/amsfonts/cm/cmbsy10.pfb></usr/shar
e/texmf-texlive/fonts/type1/public/amsfonts/cm/cmbx10.pfb></usr/share/texmf-tex
live/fonts/type1/public/amsfonts/cm/cmbx12.pfb></usr/share/texmf-texlive/fonts/
type1/public/amsfonts/cm/cmbxti10.pfb></usr/share/texmf-texlive/fonts/type1/pub
lic/amsfonts/cm/cmmi10.pfb></usr/share/texmf-texlive/fonts/type1/public/amsfont
s/cm/cmr10.pfb></usr/share/texmf-texlive/fonts/type1/public/amsfonts/cm/cmr12.p
fb></usr/share/texmf-texlive/fonts/type1/public/amsfonts/cm/cmr17.pfb></usr/sha
re/texmf-texlive/fonts/type1/public/amsfonts/cm/cmr6.pfb></usr/share/texmf-texl
ive/fonts/type1/public/amsfonts/cm/cmr7.pfb></usr/share/texmf-texlive/fonts/typ
e1/public/amsfonts/cm/cmr8.pfb></usr/share/texmf-texlive/fonts/type1/public/ams
fonts/cm/cmsy10.pfb></usr/share/texmf-texlive/fonts/type1/public/amsfonts/cm/cm
ti10.pfb></usr/share/texmf-texlive/fonts/type1/public/amsfonts/cm/cmti12.pfb></
usr/share/texmf-texlive/fonts/type1/public/amsfonts/cm/cmtt10.pfb></usr/share/t
exmf-texlive/fonts/type1/public/amsfonts/cm/cmtt8.pfb>
Output written on pi-relatorio.pdf (42 pages, 4056297 bytes).
PDF statistics:
 487 PDF objects out of 1000 (max. 8388607)
 120 named destinations out of 1000 (max. 500000)
 300 words of extra memory for PDF output out of 10000 (max. 10000000)

