<<<<<<< HEAD
2012/04/05 20:38:38 [error] [php] Object of class Object_Work_RecordsController could not be converted to string (/opt/lampp/htdocs/yii/framework/vendors/htmlpurifier/HTMLPurifier.standalone.php:6412)
Stack trace:
#0 /opt/lampp/htdocs/yii/framework/vendors/htmlpurifier/HTMLPurifier.standalone.php(14720): HTMLPurifier_Lexer_DOMLex->normalize()
#1 /opt/lampp/htdocs/yii/framework/vendors/htmlpurifier/HTMLPurifier.standalone.php(199): HTMLPurifier_Lexer_DOMLex->tokenizeHTML()
#2 /opt/lampp/htdocs/yii/framework/web/widgets/CHtmlPurifier.php(80): HTMLPurifier->purify()
#3 /opt/lampp/htdocs/yii/framework/utils/CFormatter.php(147): CHtmlPurifier->purify()
#4 /opt/lampp/htdocs/yii/framework/utils/CFormatter.php(104): CFormatter->formatHtml()
#5 /opt/lampp/htdocs/yii/framework/zii/widgets/CDetailView.php(214): CFormatter->format()
#6 /opt/lampp/htdocs/yii/framework/web/CBaseController.php(174): CDetailView->run()
#7 /opt/lampp/htdocs/EL/Code/Museu/protected/views/object_Work_Records/view.php(105): Object_Work_RecordsController->widget()
#8 /opt/lampp/htdocs/yii/framework/web/CBaseController.php(127): require()
#9 /opt/lampp/htdocs/yii/framework/web/CBaseController.php(96): Object_Work_RecordsController->renderInternal()
#10 /opt/lampp/htdocs/yii/framework/web/CController.php(870): Object_Work_RecordsController->renderFile()
#11 /opt/lampp/htdocs/yii/framework/web/CController.php(783): Object_Work_RecordsController->renderPartial()
#12 /opt/lampp/htdocs/EL/Code/Museu/protected/controllers/Object_Work_RecordsController.php(59): Object_Work_RecordsController->render()
#13 /opt/lampp/htdocs/yii/framework/web/actions/CInlineAction.php(50): Object_Work_RecordsController->actionView()
#14 /opt/lampp/htdocs/yii/framework/web/CController.php(309): CInlineAction->runWithParams()
#15 /opt/lampp/htdocs/yii/framework/web/filters/CFilterChain.php(134): Object_Work_RecordsController->runAction()
#16 /opt/lampp/htdocs/yii/framework/web/filters/CFilter.php(41): CFilterChain->run()
#17 /opt/lampp/htdocs/yii/framework/web/CController.php(1146): CAccessControlFilter->filter()
#18 /opt/lampp/htdocs/yii/framework/web/filters/CInlineFilter.php(59): Object_Work_RecordsController->filterAccessControl()
#19 /opt/lampp/htdocs/yii/framework/web/filters/CFilterChain.php(131): CInlineFilter->filter()
#20 /opt/lampp/htdocs/yii/framework/web/CController.php(292): CFilterChain->run()
#21 /opt/lampp/htdocs/yii/framework/web/CController.php(266): Object_Work_RecordsController->runActionWithFilters()
#22 /opt/lampp/htdocs/yii/framework/web/CWebApplication.php(276): Object_Work_RecordsController->run()
#23 /opt/lampp/htdocs/yii/framework/web/CWebApplication.php(135): CWebApplication->runController()
#24 /opt/lampp/htdocs/yii/framework/base/CApplication.php(162): CWebApplication->processRequest()
#25 /opt/lampp/htdocs/EL/Code/Museu/index.php(13): CWebApplication->run()
REQUEST_URI=/EL/Code/Museu/index.php/object_Work_Records/1
in /opt/lampp/htdocs/EL/Code/Museu/protected/views/object_Work_Records/view.php (105)
in /opt/lampp/htdocs/EL/Code/Museu/protected/controllers/Object_Work_RecordsController.php (59)
in /opt/lampp/htdocs/EL/Code/Museu/index.php (13)
2012/04/05 20:38:54 [error] [php] htmlspecialchars() expects parameter 1 to be string, array given (/opt/lampp/htdocs/yii/framework/web/helpers/CHtml.php:85)
Stack trace:
#0 /opt/lampp/htdocs/yii/framework/utils/CFormatter.php(104): CFormatter->formatText()
#1 /opt/lampp/htdocs/yii/framework/zii/widgets/CDetailView.php(214): CFormatter->format()
#2 /opt/lampp/htdocs/yii/framework/web/CBaseController.php(174): CDetailView->run()
#3 /opt/lampp/htdocs/EL/Code/Museu/protected/views/object_Work_Records/view.php(105): Object_Work_RecordsController->widget()
#4 /opt/lampp/htdocs/yii/framework/web/CBaseController.php(127): require()
#5 /opt/lampp/htdocs/yii/framework/web/CBaseController.php(96): Object_Work_RecordsController->renderInternal()
#6 /opt/lampp/htdocs/yii/framework/web/CController.php(870): Object_Work_RecordsController->renderFile()
#7 /opt/lampp/htdocs/yii/framework/web/CController.php(783): Object_Work_RecordsController->renderPartial()
#8 /opt/lampp/htdocs/EL/Code/Museu/protected/controllers/Object_Work_RecordsController.php(59): Object_Work_RecordsController->render()
#9 /opt/lampp/htdocs/yii/framework/web/actions/CInlineAction.php(50): Object_Work_RecordsController->actionView()
#10 /opt/lampp/htdocs/yii/framework/web/CController.php(309): CInlineAction->runWithParams()
#11 /opt/lampp/htdocs/yii/framework/web/filters/CFilterChain.php(134): Object_Work_RecordsController->runAction()
#12 /opt/lampp/htdocs/yii/framework/web/filters/CFilter.php(41): CFilterChain->run()
#13 /opt/lampp/htdocs/yii/framework/web/CController.php(1146): CAccessControlFilter->filter()
#14 /opt/lampp/htdocs/yii/framework/web/filters/CInlineFilter.php(59): Object_Work_RecordsController->filterAccessControl()
#15 /opt/lampp/htdocs/yii/framework/web/filters/CFilterChain.php(131): CInlineFilter->filter()
#16 /opt/lampp/htdocs/yii/framework/web/CController.php(292): CFilterChain->run()
#17 /opt/lampp/htdocs/yii/framework/web/CController.php(266): Object_Work_RecordsController->runActionWithFilters()
#18 /opt/lampp/htdocs/yii/framework/web/CWebApplication.php(276): Object_Work_RecordsController->run()
#19 /opt/lampp/htdocs/yii/framework/web/CWebApplication.php(135): CWebApplication->runController()
#20 /opt/lampp/htdocs/yii/framework/base/CApplication.php(162): CWebApplication->processRequest()
#21 /opt/lampp/htdocs/EL/Code/Museu/index.php(13): CWebApplication->run()
REQUEST_URI=/EL/Code/Museu/index.php/object_Work_Records/1
in /opt/lampp/htdocs/EL/Code/Museu/protected/views/object_Work_Records/view.php (105)
in /opt/lampp/htdocs/EL/Code/Museu/protected/controllers/Object_Work_RecordsController.php (59)
in /opt/lampp/htdocs/EL/Code/Museu/index.php (13)
2012/04/05 20:56:54 [error] [php] Trying to get property of non-object (/opt/lampp/htdocs/EL/Code/Museu/protected/models/Resources.php:129)
Stack trace:
#0 /opt/lampp/htdocs/yii/framework/web/CBaseController.php(127): require()
#1 /opt/lampp/htdocs/yii/framework/web/CBaseController.php(96): Object_Work_RecordsController->renderInternal()
#2 /opt/lampp/htdocs/yii/framework/web/CController.php(870): Object_Work_RecordsController->renderFile()
#3 /opt/lampp/htdocs/yii/framework/web/CController.php(783): Object_Work_RecordsController->renderPartial()
#4 /opt/lampp/htdocs/EL/Code/Museu/protected/controllers/Object_Work_RecordsController.php(59): Object_Work_RecordsController->render()
#5 /opt/lampp/htdocs/yii/framework/web/actions/CInlineAction.php(50): Object_Work_RecordsController->actionView()
#6 /opt/lampp/htdocs/yii/framework/web/CController.php(309): CInlineAction->runWithParams()
#7 /opt/lampp/htdocs/yii/framework/web/filters/CFilterChain.php(134): Object_Work_RecordsController->runAction()
#8 /opt/lampp/htdocs/yii/framework/web/filters/CFilter.php(41): CFilterChain->run()
#9 /opt/lampp/htdocs/yii/framework/web/CController.php(1146): CAccessControlFilter->filter()
#10 /opt/lampp/htdocs/yii/framework/web/filters/CInlineFilter.php(59): Object_Work_RecordsController->filterAccessControl()
#11 /opt/lampp/htdocs/yii/framework/web/filters/CFilterChain.php(131): CInlineFilter->filter()
#12 /opt/lampp/htdocs/yii/framework/web/CController.php(292): CFilterChain->run()
#13 /opt/lampp/htdocs/yii/framework/web/CController.php(266): Object_Work_RecordsController->runActionWithFilters()
#14 /opt/lampp/htdocs/yii/framework/web/CWebApplication.php(276): Object_Work_RecordsController->run()
#15 /opt/lampp/htdocs/yii/framework/web/CWebApplication.php(135): CWebApplication->runController()
#16 /opt/lampp/htdocs/yii/framework/base/CApplication.php(162): CWebApplication->processRequest()
#17 /opt/lampp/htdocs/EL/Code/Museu/index.php(13): CWebApplication->run()
REQUEST_URI=/EL/Code/Museu/index.php/object_Work_Records/201
in /opt/lampp/htdocs/EL/Code/Museu/protected/models/Resources.php (129)
in /opt/lampp/htdocs/EL/Code/Museu/protected/models/Object_Work_Records.php (271)
in /opt/lampp/htdocs/EL/Code/Museu/protected/views/object_Work_Records/view.php (97)
2012/04/05 20:57:15 [error] [php] Trying to get property of non-object (/opt/lampp/htdocs/EL/Code/Museu/protected/models/Resources.php:129)
Stack trace:
#0 /opt/lampp/htdocs/yii/framework/web/CBaseController.php(127): require()
#1 /opt/lampp/htdocs/yii/framework/web/CBaseController.php(96): Object_Work_RecordsController->renderInternal()
#2 /opt/lampp/htdocs/yii/framework/web/CController.php(870): Object_Work_RecordsController->renderFile()
#3 /opt/lampp/htdocs/yii/framework/web/CController.php(783): Object_Work_RecordsController->renderPartial()
#4 /opt/lampp/htdocs/EL/Code/Museu/protected/controllers/Object_Work_RecordsController.php(59): Object_Work_RecordsController->render()
#5 /opt/lampp/htdocs/yii/framework/web/actions/CInlineAction.php(50): Object_Work_RecordsController->actionView()
#6 /opt/lampp/htdocs/yii/framework/web/CController.php(309): CInlineAction->runWithParams()
#7 /opt/lampp/htdocs/yii/framework/web/filters/CFilterChain.php(134): Object_Work_RecordsController->runAction()
#8 /opt/lampp/htdocs/yii/framework/web/filters/CFilter.php(41): CFilterChain->run()
#9 /opt/lampp/htdocs/yii/framework/web/CController.php(1146): CAccessControlFilter->filter()
#10 /opt/lampp/htdocs/yii/framework/web/filters/CInlineFilter.php(59): Object_Work_RecordsController->filterAccessControl()
#11 /opt/lampp/htdocs/yii/framework/web/filters/CFilterChain.php(131): CInlineFilter->filter()
#12 /opt/lampp/htdocs/yii/framework/web/CController.php(292): CFilterChain->run()
#13 /opt/lampp/htdocs/yii/framework/web/CController.php(266): Object_Work_RecordsController->runActionWithFilters()
#14 /opt/lampp/htdocs/yii/framework/web/CWebApplication.php(276): Object_Work_RecordsController->run()
#15 /opt/lampp/htdocs/yii/framework/web/CWebApplication.php(135): CWebApplication->runController()
#16 /opt/lampp/htdocs/yii/framework/base/CApplication.php(162): CWebApplication->processRequest()
#17 /opt/lampp/htdocs/EL/Code/Museu/index.php(13): CWebApplication->run()
REQUEST_URI=/EL/Code/Museu/index.php/object_Work_Records/300
in /opt/lampp/htdocs/EL/Code/Museu/protected/models/Resources.php (129)
in /opt/lampp/htdocs/EL/Code/Museu/protected/models/Object_Work_Records.php (271)
in /opt/lampp/htdocs/EL/Code/Museu/protected/views/object_Work_Records/view.php (97)
2012/04/05 20:58:06 [error] [php] Trying to get property of non-object (/opt/lampp/htdocs/EL/Code/Museu/protected/models/Resources.php:132)
Stack trace:
#0 /opt/lampp/htdocs/yii/framework/web/CBaseController.php(127): require()
#1 /opt/lampp/htdocs/yii/framework/web/CBaseController.php(96): Object_Work_RecordsController->renderInternal()
#2 /opt/lampp/htdocs/yii/framework/web/CController.php(870): Object_Work_RecordsController->renderFile()
#3 /opt/lampp/htdocs/yii/framework/web/CController.php(783): Object_Work_RecordsController->renderPartial()
#4 /opt/lampp/htdocs/EL/Code/Museu/protected/controllers/Object_Work_RecordsController.php(59): Object_Work_RecordsController->render()
#5 /opt/lampp/htdocs/yii/framework/web/actions/CInlineAction.php(50): Object_Work_RecordsController->actionView()
#6 /opt/lampp/htdocs/yii/framework/web/CController.php(309): CInlineAction->runWithParams()
#7 /opt/lampp/htdocs/yii/framework/web/filters/CFilterChain.php(134): Object_Work_RecordsController->runAction()
#8 /opt/lampp/htdocs/yii/framework/web/filters/CFilter.php(41): CFilterChain->run()
#9 /opt/lampp/htdocs/yii/framework/web/CController.php(1146): CAccessControlFilter->filter()
#10 /opt/lampp/htdocs/yii/framework/web/filters/CInlineFilter.php(59): Object_Work_RecordsController->filterAccessControl()
#11 /opt/lampp/htdocs/yii/framework/web/filters/CFilterChain.php(131): CInlineFilter->filter()
#12 /opt/lampp/htdocs/yii/framework/web/CController.php(292): CFilterChain->run()
#13 /opt/lampp/htdocs/yii/framework/web/CController.php(266): Object_Work_RecordsController->runActionWithFilters()
#14 /opt/lampp/htdocs/yii/framework/web/CWebApplication.php(276): Object_Work_RecordsController->run()
#15 /opt/lampp/htdocs/yii/framework/web/CWebApplication.php(135): CWebApplication->runController()
#16 /opt/lampp/htdocs/yii/framework/base/CApplication.php(162): CWebApplication->processRequest()
#17 /opt/lampp/htdocs/EL/Code/Museu/index.php(13): CWebApplication->run()
REQUEST_URI=/EL/Code/Museu/index.php/object_Work_Records/300
in /opt/lampp/htdocs/EL/Code/Museu/protected/models/Resources.php (132)
in /opt/lampp/htdocs/EL/Code/Museu/protected/models/Object_Work_Records.php (271)
in /opt/lampp/htdocs/EL/Code/Museu/protected/views/object_Work_Records/view.php (97)
2012/04/05 20:58:12 [error] [php] Trying to get property of non-object (/opt/lampp/htdocs/EL/Code/Museu/protected/models/Resources.php:133)
Stack trace:
#0 /opt/lampp/htdocs/yii/framework/web/CBaseController.php(127): require()
#1 /opt/lampp/htdocs/yii/framework/web/CBaseController.php(96): Object_Work_RecordsController->renderInternal()
#2 /opt/lampp/htdocs/yii/framework/web/CController.php(870): Object_Work_RecordsController->renderFile()
#3 /opt/lampp/htdocs/yii/framework/web/CController.php(783): Object_Work_RecordsController->renderPartial()
#4 /opt/lampp/htdocs/EL/Code/Museu/protected/controllers/Object_Work_RecordsController.php(59): Object_Work_RecordsController->render()
#5 /opt/lampp/htdocs/yii/framework/web/actions/CInlineAction.php(50): Object_Work_RecordsController->actionView()
#6 /opt/lampp/htdocs/yii/framework/web/CController.php(309): CInlineAction->runWithParams()
#7 /opt/lampp/htdocs/yii/framework/web/filters/CFilterChain.php(134): Object_Work_RecordsController->runAction()
#8 /opt/lampp/htdocs/yii/framework/web/filters/CFilter.php(41): CFilterChain->run()
#9 /opt/lampp/htdocs/yii/framework/web/CController.php(1146): CAccessControlFilter->filter()
#10 /opt/lampp/htdocs/yii/framework/web/filters/CInlineFilter.php(59): Object_Work_RecordsController->filterAccessControl()
#11 /opt/lampp/htdocs/yii/framework/web/filters/CFilterChain.php(131): CInlineFilter->filter()
#12 /opt/lampp/htdocs/yii/framework/web/CController.php(292): CFilterChain->run()
#13 /opt/lampp/htdocs/yii/framework/web/CController.php(266): Object_Work_RecordsController->runActionWithFilters()
#14 /opt/lampp/htdocs/yii/framework/web/CWebApplication.php(276): Object_Work_RecordsController->run()
#15 /opt/lampp/htdocs/yii/framework/web/CWebApplication.php(135): CWebApplication->runController()
#16 /opt/lampp/htdocs/yii/framework/base/CApplication.php(162): CWebApplication->processRequest()
#17 /opt/lampp/htdocs/EL/Code/Museu/index.php(13): CWebApplication->run()
REQUEST_URI=/EL/Code/Museu/index.php/object_Work_Records/300
in /opt/lampp/htdocs/EL/Code/Museu/protected/models/Resources.php (133)
in /opt/lampp/htdocs/EL/Code/Museu/protected/models/Object_Work_Records.php (271)
in /opt/lampp/htdocs/EL/Code/Museu/protected/views/object_Work_Records/view.php (97)
2012/04/05 20:58:55 [error] [php] Undefined variable: result_arr (/opt/lampp/htdocs/EL/Code/Museu/protected/models/Resources.php:139)
Stack trace:
#0 /opt/lampp/htdocs/yii/framework/web/CBaseController.php(127): require()
#1 /opt/lampp/htdocs/yii/framework/web/CBaseController.php(96): Object_Work_RecordsController->renderInternal()
#2 /opt/lampp/htdocs/yii/framework/web/CController.php(870): Object_Work_RecordsController->renderFile()
#3 /opt/lampp/htdocs/yii/framework/web/CController.php(783): Object_Work_RecordsController->renderPartial()
#4 /opt/lampp/htdocs/EL/Code/Museu/protected/controllers/Object_Work_RecordsController.php(59): Object_Work_RecordsController->render()
#5 /opt/lampp/htdocs/yii/framework/web/actions/CInlineAction.php(50): Object_Work_RecordsController->actionView()
#6 /opt/lampp/htdocs/yii/framework/web/CController.php(309): CInlineAction->runWithParams()
#7 /opt/lampp/htdocs/yii/framework/web/filters/CFilterChain.php(134): Object_Work_RecordsController->runAction()
#8 /opt/lampp/htdocs/yii/framework/web/filters/CFilter.php(41): CFilterChain->run()
#9 /opt/lampp/htdocs/yii/framework/web/CController.php(1146): CAccessControlFilter->filter()
#10 /opt/lampp/htdocs/yii/framework/web/filters/CInlineFilter.php(59): Object_Work_RecordsController->filterAccessControl()
#11 /opt/lampp/htdocs/yii/framework/web/filters/CFilterChain.php(131): CInlineFilter->filter()
#12 /opt/lampp/htdocs/yii/framework/web/CController.php(292): CFilterChain->run()
#13 /opt/lampp/htdocs/yii/framework/web/CController.php(266): Object_Work_RecordsController->runActionWithFilters()
#14 /opt/lampp/htdocs/yii/framework/web/CWebApplication.php(276): Object_Work_RecordsController->run()
#15 /opt/lampp/htdocs/yii/framework/web/CWebApplication.php(135): CWebApplication->runController()
#16 /opt/lampp/htdocs/yii/framework/base/CApplication.php(162): CWebApplication->processRequest()
#17 /opt/lampp/htdocs/EL/Code/Museu/index.php(13): CWebApplication->run()
REQUEST_URI=/EL/Code/Museu/index.php/object_Work_Records/300
in /opt/lampp/htdocs/EL/Code/Museu/protected/models/Resources.php (139)
in /opt/lampp/htdocs/EL/Code/Museu/protected/models/Object_Work_Records.php (271)
in /opt/lampp/htdocs/EL/Code/Museu/protected/views/object_Work_Records/view.php (97)
2012/04/05 20:58:56 [error] [php] Undefined variable: result_arr (/opt/lampp/htdocs/EL/Code/Museu/protected/models/Resources.php:139)
Stack trace:
#0 /opt/lampp/htdocs/yii/framework/web/CBaseController.php(127): require()
#1 /opt/lampp/htdocs/yii/framework/web/CBaseController.php(96): Object_Work_RecordsController->renderInternal()
#2 /opt/lampp/htdocs/yii/framework/web/CController.php(870): Object_Work_RecordsController->renderFile()
#3 /opt/lampp/htdocs/yii/framework/web/CController.php(783): Object_Work_RecordsController->renderPartial()
#4 /opt/lampp/htdocs/EL/Code/Museu/protected/controllers/Object_Work_RecordsController.php(59): Object_Work_RecordsController->render()
#5 /opt/lampp/htdocs/yii/framework/web/actions/CInlineAction.php(50): Object_Work_RecordsController->actionView()
#6 /opt/lampp/htdocs/yii/framework/web/CController.php(309): CInlineAction->runWithParams()
#7 /opt/lampp/htdocs/yii/framework/web/filters/CFilterChain.php(134): Object_Work_RecordsController->runAction()
#8 /opt/lampp/htdocs/yii/framework/web/filters/CFilter.php(41): CFilterChain->run()
#9 /opt/lampp/htdocs/yii/framework/web/CController.php(1146): CAccessControlFilter->filter()
#10 /opt/lampp/htdocs/yii/framework/web/filters/CInlineFilter.php(59): Object_Work_RecordsController->filterAccessControl()
#11 /opt/lampp/htdocs/yii/framework/web/filters/CFilterChain.php(131): CInlineFilter->filter()
#12 /opt/lampp/htdocs/yii/framework/web/CController.php(292): CFilterChain->run()
#13 /opt/lampp/htdocs/yii/framework/web/CController.php(266): Object_Work_RecordsController->runActionWithFilters()
#14 /opt/lampp/htdocs/yii/framework/web/CWebApplication.php(276): Object_Work_RecordsController->run()
#15 /opt/lampp/htdocs/yii/framework/web/CWebApplication.php(135): CWebApplication->runController()
#16 /opt/lampp/htdocs/yii/framework/base/CApplication.php(162): CWebApplication->processRequest()
#17 /opt/lampp/htdocs/EL/Code/Museu/index.php(13): CWebApplication->run()
REQUEST_URI=/EL/Code/Museu/index.php/object_Work_Records/300
in /opt/lampp/htdocs/EL/Code/Museu/protected/models/Resources.php (139)
in /opt/lampp/htdocs/EL/Code/Museu/protected/models/Object_Work_Records.php (271)
in /opt/lampp/htdocs/EL/Code/Museu/protected/views/object_Work_Records/view.php (97)
2012/04/05 20:59:19 [error] [php] Undefined index: image_path (/opt/lampp/htdocs/EL/Code/Museu/protected/models/Object_Work_Records.php:272)
Stack trace:
#0 /opt/lampp/htdocs/yii/framework/web/CBaseController.php(96): Object_Work_RecordsController->renderInternal()
#1 /opt/lampp/htdocs/yii/framework/web/CController.php(870): Object_Work_RecordsController->renderFile()
#2 /opt/lampp/htdocs/yii/framework/web/CController.php(783): Object_Work_RecordsController->renderPartial()
#3 /opt/lampp/htdocs/EL/Code/Museu/protected/controllers/Object_Work_RecordsController.php(59): Object_Work_RecordsController->render()
#4 /opt/lampp/htdocs/yii/framework/web/actions/CInlineAction.php(50): Object_Work_RecordsController->actionView()
#5 /opt/lampp/htdocs/yii/framework/web/CController.php(309): CInlineAction->runWithParams()
#6 /opt/lampp/htdocs/yii/framework/web/filters/CFilterChain.php(134): Object_Work_RecordsController->runAction()
#7 /opt/lampp/htdocs/yii/framework/web/filters/CFilter.php(41): CFilterChain->run()
#8 /opt/lampp/htdocs/yii/framework/web/CController.php(1146): CAccessControlFilter->filter()
#9 /opt/lampp/htdocs/yii/framework/web/filters/CInlineFilter.php(59): Object_Work_RecordsController->filterAccessControl()
#10 /opt/lampp/htdocs/yii/framework/web/filters/CFilterChain.php(131): CInlineFilter->filter()
#11 /opt/lampp/htdocs/yii/framework/web/CController.php(292): CFilterChain->run()
#12 /opt/lampp/htdocs/yii/framework/web/CController.php(266): Object_Work_RecordsController->runActionWithFilters()
#13 /opt/lampp/htdocs/yii/framework/web/CWebApplication.php(276): Object_Work_RecordsController->run()
#14 /opt/lampp/htdocs/yii/framework/web/CWebApplication.php(135): CWebApplication->runController()
#15 /opt/lampp/htdocs/yii/framework/base/CApplication.php(162): CWebApplication->processRequest()
#16 /opt/lampp/htdocs/EL/Code/Museu/index.php(13): CWebApplication->run()
REQUEST_URI=/EL/Code/Museu/index.php/object_Work_Records/300
in /opt/lampp/htdocs/EL/Code/Museu/protected/models/Object_Work_Records.php (272)
in /opt/lampp/htdocs/EL/Code/Museu/protected/views/object_Work_Records/view.php (97)
in /opt/lampp/htdocs/EL/Code/Museu/protected/controllers/Object_Work_RecordsController.php (59)
2012/04/05 21:00:01 [error] [php] Undefined index: resourceViewDescription (/opt/lampp/htdocs/EL/Code/Museu/protected/models/Object_Work_Records.php:273)
Stack trace:
#0 /opt/lampp/htdocs/yii/framework/web/CBaseController.php(96): Object_Work_RecordsController->renderInternal()
#1 /opt/lampp/htdocs/yii/framework/web/CController.php(870): Object_Work_RecordsController->renderFile()
#2 /opt/lampp/htdocs/yii/framework/web/CController.php(783): Object_Work_RecordsController->renderPartial()
#3 /opt/lampp/htdocs/EL/Code/Museu/protected/controllers/Object_Work_RecordsController.php(59): Object_Work_RecordsController->render()
#4 /opt/lampp/htdocs/yii/framework/web/actions/CInlineAction.php(50): Object_Work_RecordsController->actionView()
#5 /opt/lampp/htdocs/yii/framework/web/CController.php(309): CInlineAction->runWithParams()
#6 /opt/lampp/htdocs/yii/framework/web/filters/CFilterChain.php(134): Object_Work_RecordsController->runAction()
#7 /opt/lampp/htdocs/yii/framework/web/filters/CFilter.php(41): CFilterChain->run()
#8 /opt/lampp/htdocs/yii/framework/web/CController.php(1146): CAccessControlFilter->filter()
#9 /opt/lampp/htdocs/yii/framework/web/filters/CInlineFilter.php(59): Object_Work_RecordsController->filterAccessControl()
#10 /opt/lampp/htdocs/yii/framework/web/filters/CFilterChain.php(131): CInlineFilter->filter()
#11 /opt/lampp/htdocs/yii/framework/web/CController.php(292): CFilterChain->run()
#12 /opt/lampp/htdocs/yii/framework/web/CController.php(266): Object_Work_RecordsController->runActionWithFilters()
#13 /opt/lampp/htdocs/yii/framework/web/CWebApplication.php(276): Object_Work_RecordsController->run()
#14 /opt/lampp/htdocs/yii/framework/web/CWebApplication.php(135): CWebApplication->runController()
#15 /opt/lampp/htdocs/yii/framework/base/CApplication.php(162): CWebApplication->processRequest()
#16 /opt/lampp/htdocs/EL/Code/Museu/index.php(13): CWebApplication->run()
REQUEST_URI=/EL/Code/Museu/index.php/object_Work_Records/300
in /opt/lampp/htdocs/EL/Code/Museu/protected/models/Object_Work_Records.php (273)
in /opt/lampp/htdocs/EL/Code/Museu/protected/views/object_Work_Records/view.php (97)
in /opt/lampp/htdocs/EL/Code/Museu/protected/controllers/Object_Work_RecordsController.php (59)
2012/04/05 21:01:35 [error] [php] Undefined variable: tmp (/opt/lampp/htdocs/EL/Code/Museu/protected/models/Object_Work_Records.php:279)
Stack trace:
#0 /opt/lampp/htdocs/yii/framework/web/CBaseController.php(96): Object_Work_RecordsController->renderInternal()
#1 /opt/lampp/htdocs/yii/framework/web/CController.php(870): Object_Work_RecordsController->renderFile()
#2 /opt/lampp/htdocs/yii/framework/web/CController.php(783): Object_Work_RecordsController->renderPartial()
#3 /opt/lampp/htdocs/EL/Code/Museu/protected/controllers/Object_Work_RecordsController.php(59): Object_Work_RecordsController->render()
#4 /opt/lampp/htdocs/yii/framework/web/actions/CInlineAction.php(50): Object_Work_RecordsController->actionView()
#5 /opt/lampp/htdocs/yii/framework/web/CController.php(309): CInlineAction->runWithParams()
#6 /opt/lampp/htdocs/yii/framework/web/filters/CFilterChain.php(134): Object_Work_RecordsController->runAction()
#7 /opt/lampp/htdocs/yii/framework/web/filters/CFilter.php(41): CFilterChain->run()
#8 /opt/lampp/htdocs/yii/framework/web/CController.php(1146): CAccessControlFilter->filter()
#9 /opt/lampp/htdocs/yii/framework/web/filters/CInlineFilter.php(59): Object_Work_RecordsController->filterAccessControl()
#10 /opt/lampp/htdocs/yii/framework/web/filters/CFilterChain.php(131): CInlineFilter->filter()
#11 /opt/lampp/htdocs/yii/framework/web/CController.php(292): CFilterChain->run()
#12 /opt/lampp/htdocs/yii/framework/web/CController.php(266): Object_Work_RecordsController->runActionWithFilters()
#13 /opt/lampp/htdocs/yii/framework/web/CWebApplication.php(276): Object_Work_RecordsController->run()
#14 /opt/lampp/htdocs/yii/framework/web/CWebApplication.php(135): CWebApplication->runController()
#15 /opt/lampp/htdocs/yii/framework/base/CApplication.php(162): CWebApplication->processRequest()
#16 /opt/lampp/htdocs/EL/Code/Museu/index.php(13): CWebApplication->run()
REQUEST_URI=/EL/Code/Museu/index.php/object_Work_Records/300
in /opt/lampp/htdocs/EL/Code/Museu/protected/models/Object_Work_Records.php (279)
in /opt/lampp/htdocs/EL/Code/Museu/protected/views/object_Work_Records/view.php (97)
in /opt/lampp/htdocs/EL/Code/Museu/protected/controllers/Object_Work_RecordsController.php (59)
2012/04/05 23:26:58 [error] [exception.CHttpException.404] exception 'CHttpException' with message 'The system is unable to find the requested action "creatAll".' in /opt/lampp/htdocs/yii/framework/web/CController.php:484
Stack trace:
#0 /opt/lampp/htdocs/yii/framework/web/CController.php(271): CController->missingAction('creatAll')
#1 /opt/lampp/htdocs/yii/framework/web/CWebApplication.php(276): CController->run('creatAll')
#2 /opt/lampp/htdocs/yii/framework/web/CWebApplication.php(135): CWebApplication->runController('indexingCreator...')
#3 /opt/lampp/htdocs/yii/framework/base/CApplication.php(162): CWebApplication->processRequest()
#4 /opt/lampp/htdocs/EL/Code/Museu/index.php(13): CApplication->run()
#5 {main}
REQUEST_URI=/EL/Code/Museu/index.php/indexingCreators/creatAll
---
2012/04/05 23:27:40 [error] [exception.CHttpException.404] exception 'CHttpException' with message 'The system is unable to find the requested action "createAll".' in /opt/lampp/htdocs/yii/framework/web/CController.php:484
Stack trace:
#0 /opt/lampp/htdocs/yii/framework/web/CController.php(271): CController->missingAction('createAll')
#1 /opt/lampp/htdocs/yii/framework/web/CWebApplication.php(276): CController->run('createAll')
#2 /opt/lampp/htdocs/yii/framework/web/CWebApplication.php(135): CWebApplication->runController('indexingCreator...')
#3 /opt/lampp/htdocs/yii/framework/base/CApplication.php(162): CWebApplication->processRequest()
#4 /opt/lampp/htdocs/EL/Code/Museu/index.php(13): CApplication->run()
#5 {main}
REQUEST_URI=/EL/Code/Museu/index.php/indexingCreators/createAll
---
2012/04/05 23:27:50 [error] [exception.CHttpException.404] exception 'CHttpException' with message 'The system is unable to find the requested action "createAll".' in /opt/lampp/htdocs/yii/framework/web/CController.php:484
Stack trace:
#0 /opt/lampp/htdocs/yii/framework/web/CController.php(271): CController->missingAction('createAll')
#1 /opt/lampp/htdocs/yii/framework/web/CWebApplication.php(276): CController->run('createAll')
#2 /opt/lampp/htdocs/yii/framework/web/CWebApplication.php(135): CWebApplication->runController('indexingCreator...')
#3 /opt/lampp/htdocs/yii/framework/base/CApplication.php(162): CWebApplication->processRequest()
#4 /opt/lampp/htdocs/EL/Code/Museu/index.php(13): CApplication->run()
#5 {main}
REQUEST_URI=/EL/Code/Museu/index.php/indexingCreators/createAll
---
=======
>>>>>>> c03ecedd61bd751826823705d7d29f4d06cba442
2012/04/07 18:51:06 [error] [php] Undefined variable: Provenance (/opt/lampp/htdocs/EL/Code/Museu/protected/views/object_Work_Records/_formAll.php:333)
Stack trace:
#0 /opt/lampp/htdocs/yii/framework/web/CController.php(870): Object_Work_RecordsController->renderFile()
#1 /opt/lampp/htdocs/EL/Code/Museu/protected/views/object_Work_Records/createAll.php(23): Object_Work_RecordsController->renderPartial()
#2 /opt/lampp/htdocs/yii/framework/web/CBaseController.php(127): require()
#3 /opt/lampp/htdocs/yii/framework/web/CBaseController.php(96): Object_Work_RecordsController->renderInternal()
#4 /opt/lampp/htdocs/yii/framework/web/CController.php(870): Object_Work_RecordsController->renderFile()
#5 /opt/lampp/htdocs/yii/framework/web/CController.php(783): Object_Work_RecordsController->renderPartial()
#6 /opt/lampp/htdocs/EL/Code/Museu/protected/controllers/Object_Work_RecordsController.php(324): Object_Work_RecordsController->render()
#7 /opt/lampp/htdocs/yii/framework/web/actions/CInlineAction.php(50): Object_Work_RecordsController->actionCreateAll()
#8 /opt/lampp/htdocs/yii/framework/web/CController.php(309): CInlineAction->runWithParams()
#9 /opt/lampp/htdocs/yii/framework/web/filters/CFilterChain.php(134): Object_Work_RecordsController->runAction()
#10 /opt/lampp/htdocs/yii/framework/web/filters/CFilter.php(41): CFilterChain->run()
#11 /opt/lampp/htdocs/yii/framework/web/CController.php(1146): CAccessControlFilter->filter()
#12 /opt/lampp/htdocs/yii/framework/web/filters/CInlineFilter.php(59): Object_Work_RecordsController->filterAccessControl()
#13 /opt/lampp/htdocs/yii/framework/web/filters/CFilterChain.php(131): CInlineFilter->filter()
#14 /opt/lampp/htdocs/yii/framework/web/CController.php(292): CFilterChain->run()
#15 /opt/lampp/htdocs/yii/framework/web/CController.php(266): Object_Work_RecordsController->runActionWithFilters()
#16 /opt/lampp/htdocs/yii/framework/web/CWebApplication.php(276): Object_Work_RecordsController->run()
#17 /opt/lampp/htdocs/yii/framework/web/CWebApplication.php(135): CWebApplication->runController()
#18 /opt/lampp/htdocs/yii/framework/base/CApplication.php(162): CWebApplication->processRequest()
#19 /opt/lampp/htdocs/EL/Code/Museu/index.php(13): CWebApplication->run()
REQUEST_URI=/EL/Code/Museu/index.php/object_Work_Records/createAll
in /opt/lampp/htdocs/EL/Code/Museu/protected/views/object_Work_Records/_formAll.php (333)
in /opt/lampp/htdocs/EL/Code/Museu/protected/views/object_Work_Records/createAll.php (23)
in /opt/lampp/htdocs/EL/Code/Museu/protected/controllers/Object_Work_RecordsController.php (324)
2012/04/07 20:41:45 [error] [php] Cannot modify header information - headers already sent by (output started at /opt/lampp/htdocs/yii/framework/utils/CVarDumper.php:43) (/opt/lampp/htdocs/yii/framework/web/CHttpRequest.php:715)
Stack trace:
#0 /opt/lampp/htdocs/EL/Code/Museu/protected/controllers/Object_Work_RecordsController.php(365): Object_Work_RecordsController->redirect()
#1 /opt/lampp/htdocs/yii/framework/web/actions/CInlineAction.php(50): Object_Work_RecordsController->actionCreateAll()
#2 /opt/lampp/htdocs/yii/framework/web/CController.php(309): CInlineAction->runWithParams()
#3 /opt/lampp/htdocs/yii/framework/web/filters/CFilterChain.php(134): Object_Work_RecordsController->runAction()
#4 /opt/lampp/htdocs/yii/framework/web/filters/CFilter.php(41): CFilterChain->run()
#5 /opt/lampp/htdocs/yii/framework/web/CController.php(1146): CAccessControlFilter->filter()
#6 /opt/lampp/htdocs/yii/framework/web/filters/CInlineFilter.php(59): Object_Work_RecordsController->filterAccessControl()
#7 /opt/lampp/htdocs/yii/framework/web/filters/CFilterChain.php(131): CInlineFilter->filter()
#8 /opt/lampp/htdocs/yii/framework/web/CController.php(292): CFilterChain->run()
#9 /opt/lampp/htdocs/yii/framework/web/CController.php(266): Object_Work_RecordsController->runActionWithFilters()
#10 /opt/lampp/htdocs/yii/framework/web/CWebApplication.php(276): Object_Work_RecordsController->run()
#11 /opt/lampp/htdocs/yii/framework/web/CWebApplication.php(135): CWebApplication->runController()
#12 /opt/lampp/htdocs/yii/framework/base/CApplication.php(162): CWebApplication->processRequest()
#13 /opt/lampp/htdocs/EL/Code/Museu/index.php(13): CWebApplication->run()
REQUEST_URI=/EL/Code/Museu/index.php/object_Work_Records/createAll
in /opt/lampp/htdocs/EL/Code/Museu/protected/controllers/Object_Work_RecordsController.php (365)
in /opt/lampp/htdocs/EL/Code/Museu/index.php (13)
2012/04/07 20:46:56 [error] [php] Cannot modify header information - headers already sent by (output started at /opt/lampp/htdocs/yii/framework/utils/CVarDumper.php:43) (/opt/lampp/htdocs/yii/framework/web/CHttpRequest.php:715)
Stack trace:
#0 /opt/lampp/htdocs/EL/Code/Museu/protected/controllers/Object_Work_RecordsController.php(365): Object_Work_RecordsController->redirect()
#1 /opt/lampp/htdocs/yii/framework/web/actions/CInlineAction.php(50): Object_Work_RecordsController->actionCreateAll()
#2 /opt/lampp/htdocs/yii/framework/web/CController.php(309): CInlineAction->runWithParams()
#3 /opt/lampp/htdocs/yii/framework/web/filters/CFilterChain.php(134): Object_Work_RecordsController->runAction()
#4 /opt/lampp/htdocs/yii/framework/web/filters/CFilter.php(41): CFilterChain->run()
#5 /opt/lampp/htdocs/yii/framework/web/CController.php(1146): CAccessControlFilter->filter()
#6 /opt/lampp/htdocs/yii/framework/web/filters/CInlineFilter.php(59): Object_Work_RecordsController->filterAccessControl()
#7 /opt/lampp/htdocs/yii/framework/web/filters/CFilterChain.php(131): CInlineFilter->filter()
#8 /opt/lampp/htdocs/yii/framework/web/CController.php(292): CFilterChain->run()
#9 /opt/lampp/htdocs/yii/framework/web/CController.php(266): Object_Work_RecordsController->runActionWithFilters()
#10 /opt/lampp/htdocs/yii/framework/web/CWebApplication.php(276): Object_Work_RecordsController->run()
#11 /opt/lampp/htdocs/yii/framework/web/CWebApplication.php(135): CWebApplication->runController()
#12 /opt/lampp/htdocs/yii/framework/base/CApplication.php(162): CWebApplication->processRequest()
#13 /opt/lampp/htdocs/EL/Code/Museu/index.php(13): CWebApplication->run()
REQUEST_URI=/EL/Code/Museu/index.php/object_Work_Records/createAll
in /opt/lampp/htdocs/EL/Code/Museu/protected/controllers/Object_Work_RecordsController.php (365)
in /opt/lampp/htdocs/EL/Code/Museu/index.php (13)
2012/04/07 20:49:53 [error] [php] Cannot modify header information - headers already sent by (output started at /opt/lampp/htdocs/yii/framework/utils/CVarDumper.php:43) (/opt/lampp/htdocs/yii/framework/web/CHttpRequest.php:715)
Stack trace:
#0 /opt/lampp/htdocs/EL/Code/Museu/protected/controllers/Object_Work_RecordsController.php(365): Object_Work_RecordsController->redirect()
#1 /opt/lampp/htdocs/yii/framework/web/actions/CInlineAction.php(50): Object_Work_RecordsController->actionCreateAll()
#2 /opt/lampp/htdocs/yii/framework/web/CController.php(309): CInlineAction->runWithParams()
#3 /opt/lampp/htdocs/yii/framework/web/filters/CFilterChain.php(134): Object_Work_RecordsController->runAction()
#4 /opt/lampp/htdocs/yii/framework/web/filters/CFilter.php(41): CFilterChain->run()
#5 /opt/lampp/htdocs/yii/framework/web/CController.php(1146): CAccessControlFilter->filter()
#6 /opt/lampp/htdocs/yii/framework/web/filters/CInlineFilter.php(59): Object_Work_RecordsController->filterAccessControl()
#7 /opt/lampp/htdocs/yii/framework/web/filters/CFilterChain.php(131): CInlineFilter->filter()
#8 /opt/lampp/htdocs/yii/framework/web/CController.php(292): CFilterChain->run()
#9 /opt/lampp/htdocs/yii/framework/web/CController.php(266): Object_Work_RecordsController->runActionWithFilters()
#10 /opt/lampp/htdocs/yii/framework/web/CWebApplication.php(276): Object_Work_RecordsController->run()
#11 /opt/lampp/htdocs/yii/framework/web/CWebApplication.php(135): CWebApplication->runController()
#12 /opt/lampp/htdocs/yii/framework/base/CApplication.php(162): CWebApplication->processRequest()
#13 /opt/lampp/htdocs/EL/Code/Museu/index.php(13): CWebApplication->run()
REQUEST_URI=/EL/Code/Museu/index.php/object_Work_Records/createAll
in /opt/lampp/htdocs/EL/Code/Museu/protected/controllers/Object_Work_RecordsController.php (365)
in /opt/lampp/htdocs/EL/Code/Museu/index.php (13)
2012/04/07 20:59:59 [error] [php] Cannot modify header information - headers already sent by (output started at /opt/lampp/htdocs/yii/framework/utils/CVarDumper.php:43) (/opt/lampp/htdocs/yii/framework/web/CHttpRequest.php:715)
Stack trace:
#0 /opt/lampp/htdocs/EL/Code/Museu/protected/controllers/Object_Work_RecordsController.php(367): Object_Work_RecordsController->redirect()
#1 /opt/lampp/htdocs/yii/framework/web/actions/CInlineAction.php(50): Object_Work_RecordsController->actionCreateAll()
#2 /opt/lampp/htdocs/yii/framework/web/CController.php(309): CInlineAction->runWithParams()
#3 /opt/lampp/htdocs/yii/framework/web/filters/CFilterChain.php(134): Object_Work_RecordsController->runAction()
#4 /opt/lampp/htdocs/yii/framework/web/filters/CFilter.php(41): CFilterChain->run()
#5 /opt/lampp/htdocs/yii/framework/web/CController.php(1146): CAccessControlFilter->filter()
#6 /opt/lampp/htdocs/yii/framework/web/filters/CInlineFilter.php(59): Object_Work_RecordsController->filterAccessControl()
#7 /opt/lampp/htdocs/yii/framework/web/filters/CFilterChain.php(131): CInlineFilter->filter()
#8 /opt/lampp/htdocs/yii/framework/web/CController.php(292): CFilterChain->run()
#9 /opt/lampp/htdocs/yii/framework/web/CController.php(266): Object_Work_RecordsController->runActionWithFilters()
#10 /opt/lampp/htdocs/yii/framework/web/CWebApplication.php(276): Object_Work_RecordsController->run()
#11 /opt/lampp/htdocs/yii/framework/web/CWebApplication.php(135): CWebApplication->runController()
#12 /opt/lampp/htdocs/yii/framework/base/CApplication.php(162): CWebApplication->processRequest()
#13 /opt/lampp/htdocs/EL/Code/Museu/index.php(13): CWebApplication->run()
REQUEST_URI=/EL/Code/Museu/index.php/object_Work_Records/createAll
in /opt/lampp/htdocs/EL/Code/Museu/protected/controllers/Object_Work_RecordsController.php (367)
in /opt/lampp/htdocs/EL/Code/Museu/index.php (13)
