This is pdfTeX, Version 3.1415926-1.40.10 (TeX Live 2009/Debian) (format=pdflatex 2011.12.3)  21 FEB 2012 17:40
entering extended mode
 %&-line parsing enabled.
**relatorio-base.tex
(./relatorio-base.tex
LaTeX2e <2009/09/24>
Babel <v3.8l> and hyphenation patterns for english, usenglishmax, dumylang, noh
yphenation, french, basque, portuguese, loaded.
(/usr/share/texmf-texlive/tex/latex/base/article.cls
Document Class: article 2007/10/19 v1.4h Standard LaTeX document class
(/usr/share/texmf-texlive/tex/latex/base/size10.clo
File: size10.clo 2007/10/19 v1.4h Standard LaTeX file (size option)
)
\c@part=\count79
\c@section=\count80
\c@subsection=\count81
\c@subsubsection=\count82
\c@paragraph=\count83
\c@subparagraph=\count84
\c@figure=\count85
\c@table=\count86
\abovecaptionskip=\skip41
\belowcaptionskip=\skip42
\bibindent=\dimen102
)
(/usr/share/texmf-texlive/tex/generic/babel/babel.sty
Package: babel 2008/07/06 v3.8l The Babel package

(/usr/share/texmf-texlive/tex/generic/babel/portuges.ldf
Language: portuges 2008/03/18 v1.2q Portuguese support from the babel system

(/usr/share/texmf-texlive/tex/generic/babel/babel.def
File: babel.def 2008/07/06 v3.8l Babel common definitions
\babel@savecnt=\count87
\U@D=\dimen103
)
Package babel Info: Making " an active character on input line 145.
))
(/usr/share/texmf-texlive/tex/latex/base/inputenc.sty
Package: inputenc 2008/03/30 v1.1d Input encoding file
\inpenc@prehook=\toks14
\inpenc@posthook=\toks15

(/usr/share/texmf-texlive/tex/latex/base/latin1.def
File: latin1.def 2008/03/30 v1.1d Input encoding file
))
(/usr/share/texmf-texlive/tex/latex/base/fontenc.sty
Package: fontenc 2005/09/27 v1.99g Standard LaTeX package

(/usr/share/texmf-texlive/tex/latex/base/t1enc.def
File: t1enc.def 2005/09/27 v1.99g Standard LaTeX file
LaTeX Font Info:    Redeclaring font encoding T1 on input line 43.
))
(/usr/share/texmf-texlive/tex/latex/fancyvrb/fancyvrb.sty
Package: fancyvrb 2008/02/07

Style option: `fancyvrb' v2.7a, with DG/SPQR fixes, and firstline=lastline fix 
<2008/02/07> (tvz) (/usr/share/texmf-texlive/tex/latex/graphics/keyval.sty
Package: keyval 1999/03/16 v1.13 key=value parser (DPC)
\KV@toks@=\toks16
)
\FV@CodeLineNo=\count88
\FV@InFile=\read1
\FV@TabBox=\box26
\c@FancyVerbLine=\count89
\FV@StepNumber=\count90
\FV@OutFile=\write3
)
(/usr/share/texmf-texlive/tex/latex/ltxmisc/url.sty
\Urlmuskip=\muskip10
Package: url 2006/04/12  ver 3.3  Verb mode for urls, etc.
)
(/usr/share/texmf-texlive/tex/latex/graphics/graphicx.sty
Package: graphicx 1999/02/16 v1.0f Enhanced LaTeX Graphics (DPC,SPQR)

(/usr/share/texmf-texlive/tex/latex/graphics/graphics.sty
Package: graphics 2009/02/05 v1.0o Standard LaTeX Graphics (DPC,SPQR)

(/usr/share/texmf-texlive/tex/latex/graphics/trig.sty
Package: trig 1999/03/16 v1.09 sin cos tan (DPC)
)
(/etc/texmf/tex/latex/config/graphics.cfg
File: graphics.cfg 2009/08/28 v1.8 graphics configuration of TeX Live
)
Package graphics Info: Driver file: pdftex.def on input line 91.

(/usr/share/texmf-texlive/tex/latex/pdftex-def/pdftex.def
File: pdftex.def 2010/03/12 v0.04p Graphics/color for pdfTeX
\Gread@gobject=\count91
))
\Gin@req@height=\dimen104
\Gin@req@width=\dimen105
)
(/usr/share/texmf-texlive/tex/latex/float/float.sty
Package: float 2001/11/08 v1.3d Float enhancements (AL)
\c@float@type=\count92
\float@exts=\toks17
\float@box=\box27
\@float@everytoks=\toks18
\@floatcapt=\box28
)
(/usr/share/texmf-texlive/tex/latex/preprint/authblk.sty
Package: authblk 2001/02/27 1.3 (PWD)
\affilsep=\skip43
\@affilsep=\skip44
\c@Maxaffil=\count93
\c@authors=\count94
\c@affil=\count95
)
(/usr/share/texmf-texlive/tex/latex/tools/indentfirst.sty
Package: indentfirst 1995/11/23 v1.03 Indent first paragraph (DPC)
)
(/usr/share/texmf-texlive/tex/latex/titlesec/titlesec.sty
Package: titlesec 2007/08/12 v2.8 Sectioning titles
\ttl@box=\box29
\beforetitleunit=\skip45
\aftertitleunit=\skip46
\ttl@plus=\dimen106
\ttl@minus=\dimen107
\ttl@toksa=\toks19
\titlewidth=\dimen108
\titlewidthlast=\dimen109
\titlewidthfirst=\dimen110
)
(/usr/share/texmf-texlive/tex/latex/aeguill/aeguill.sty
Package: aeguill 2003/08/02 1.02 AE fonts with french guillemets (D. Roegel)

(/usr/share/texmf-texlive/tex/latex/ae/ae.sty
Package: ae 2001/02/12 1.3 Almost European Computer Modern

(/usr/share/texmf-texlive/tex/latex/base/fontenc.sty
Package: fontenc 2005/09/27 v1.99g Standard LaTeX package

(/usr/share/texmf-texlive/tex/latex/base/t1enc.def
File: t1enc.def 2005/09/27 v1.99g Standard LaTeX file
LaTeX Font Info:    Redeclaring font encoding T1 on input line 43.
)
LaTeX Font Info:    Try loading font information for T1+aer on input line 100.

(/usr/share/texmf-texlive/tex/latex/ae/t1aer.fd
File: t1aer.fd 1997/11/16 Font definitions for T1/aer.
))))
(/usr/share/texmf-texlive/tex/latex/geometry/geometry.sty
Package: geometry 2008/12/21 v4.2 Page Geometry

(/usr/share/texmf-texlive/tex/generic/oberdiek/ifpdf.sty
Package: ifpdf 2009/04/10 v2.0 Provides the ifpdf switch (HO)
Package ifpdf Info: pdfTeX in pdf mode detected.
)
(/usr/share/texmf-texlive/tex/generic/oberdiek/ifvtex.sty
Package: ifvtex 2008/11/04 v1.4 Switches for detecting VTeX and its modes (HO)
Package ifvtex Info: VTeX not detected.
)
\Gm@cnth=\count96
\Gm@cntv=\count97
\c@Gm@tempcnt=\count98
\Gm@bindingoffset=\dimen111
\Gm@wd@mp=\dimen112
\Gm@odd@mp=\dimen113
\Gm@even@mp=\dimen114
\Gm@dimlist=\toks20


Package geometry Warning: Over-specification in `h'-direction.
    `width' (0.8\paperwidth ) is ignored.


Package geometry Warning: Over-specification in `v'-direction.
    `height' (0.9\paperheight ) is ignored.

) (/usr/share/texmf/tex/latex/xcolor/xcolor.sty
Package: xcolor 2007/01/21 v2.11 LaTeX color extensions (UK)

(/etc/texmf/tex/latex/config/color.cfg
File: color.cfg 2007/01/18 v1.5 color configuration of teTeX/TeXLive
)
Package xcolor Info: Driver file: pdftex.def on input line 225.
Package xcolor Info: Model `cmy' substituted by `cmy0' on input line 1337.
Package xcolor Info: Model `hsb' substituted by `rgb' on input line 1341.
Package xcolor Info: Model `RGB' extended on input line 1353.
Package xcolor Info: Model `HTML' substituted by `rgb' on input line 1355.
Package xcolor Info: Model `Hsb' substituted by `hsb' on input line 1356.
Package xcolor Info: Model `tHsb' substituted by `hsb' on input line 1357.
Package xcolor Info: Model `HSB' substituted by `hsb' on input line 1358.
Package xcolor Info: Model `Gray' substituted by `gray' on input line 1359.
Package xcolor Info: Model `wave' substituted by `hsb' on input line 1360.
)
(/usr/share/texmf-texlive/tex/latex/listings/listings.sty
\lst@mode=\count99
\lst@gtempboxa=\box30
\lst@token=\toks21
\lst@length=\count100
\lst@currlwidth=\dimen115
\lst@column=\count101
\lst@pos=\count102
\lst@lostspace=\dimen116
\lst@width=\dimen117
\lst@newlines=\count103
\lst@lineno=\count104
\lst@maxwidth=\dimen118

(/usr/share/texmf-texlive/tex/latex/listings/lstmisc.sty
File: lstmisc.sty 2007/02/22 1.4 (Carsten Heinz)
\c@lstnumber=\count105
\lst@skipnumbers=\count106
\lst@framebox=\box31
)
(/usr/share/texmf-texlive/tex/latex/listings/listings.cfg
File: listings.cfg 2007/02/22 1.4 listings configuration
))
Package: listings 2007/02/22 1.4 (Carsten Heinz)

(./relatorio-base.aux

LaTeX Warning: Label `DescriptiveLabel' multiply defined.


LaTeX Warning: Label `DescriptiveLabel' multiply defined.

)
\openout1 = `relatorio-base.aux'.

LaTeX Font Info:    Checking defaults for OML/cmm/m/it on input line 57.
LaTeX Font Info:    ... okay on input line 57.
LaTeX Font Info:    Checking defaults for T1/cmr/m/n on input line 57.
LaTeX Font Info:    ... okay on input line 57.
LaTeX Font Info:    Checking defaults for OT1/cmr/m/n on input line 57.
LaTeX Font Info:    ... okay on input line 57.
LaTeX Font Info:    Checking defaults for OMS/cmsy/m/n on input line 57.
LaTeX Font Info:    ... okay on input line 57.
LaTeX Font Info:    Checking defaults for OMX/cmex/m/n on input line 57.
LaTeX Font Info:    ... okay on input line 57.
LaTeX Font Info:    Checking defaults for U/cmr/m/n on input line 57.
LaTeX Font Info:    ... okay on input line 57.
 (/usr/share/texmf-texlive/tex/context/base/supp-pdf.mkii
[Loading MPS to PDF converter (version 2006.09.02).]
\scratchcounter=\count107
\scratchdimen=\dimen119
\scratchbox=\box32
\nofMPsegments=\count108
\nofMParguments=\count109
\everyMPshowfont=\toks22
\MPscratchCnt=\count110
\MPscratchDim=\dimen120
\MPnumerator=\count111
\everyMPtoPDFconversion=\toks23
)
*geometry auto-detecting driver*
*geometry detected driver: pdftex*
-------------------- Geometry parameters
paper: a4paper
landscape: --
twocolumn: --
twoside: true
asymmetric: --
h-parts: 56.9055pt, 483.69687pt, 56.9055pt
v-parts: 42.67912pt, 745.46222pt, 56.9055pt
hmarginratio: --
vmarginratio: --
lines: --
heightrounded: --
bindingoffset: 0.0pt
truedimen: --
includehead: true
includefoot: true
includemp: --
driver: pdftex
-------------------- Page layout dimensions and switches
\paperwidth  597.50787pt
\paperheight 845.04684pt
\textwidth  483.69687pt
\textheight 678.46222pt
\oddsidemargin  -15.36449pt
\evensidemargin -15.36449pt
\topmargin  -29.59087pt
\headheight 12.0pt
\headsep    25.0pt
\footskip   30.0pt
\marginparwidth 57.0pt
\marginparsep   11.0pt
\columnsep  10.0pt
\skip\footins  9.0pt plus 4.0pt minus 2.0pt
\hoffset 0.0pt
\voffset 0.0pt
\mag 1000
\@twosidetrue \@mparswitchtrue 
(1in=72.27pt, 1cm=28.45pt)
-----------------------
\c@lstlisting=\count112
LaTeX Font Info:    External font `cmex10' loaded for size
(Font)              <17.28> on input line 60.
LaTeX Font Info:    External font `cmex10' loaded for size
(Font)              <12> on input line 60.
LaTeX Font Info:    External font `cmex10' loaded for size
(Font)              <8> on input line 60.
LaTeX Font Info:    External font `cmex10' loaded for size
(Font)              <6> on input line 60.
LaTeX Font Info:    External font `cmex10' loaded for size
(Font)              <5> on input line 60.
! Missing $ inserted.
<inserted text> 
                $
l.60 \maketitle
               
I've inserted a begin-math/end-math symbol since I think
you left one out. Proceed, with fingers crossed.

! Extra }, or forgotten $.
\AB@authors ...ilsep ]\protect \Affilfont M\~A{^3}
                                                  dulo Engenharia Gramatical...
l.60 \maketitle
               
I've deleted a group-closing symbol because it seems to be
spurious, as in `$x}$'. But perhaps the } is legitimate and
you forgot something else, as in `\hbox{$x}'. In such cases
the way to recover is to insert both the forgotten and the
deleted material, e.g., by typing `I$}'.


! LaTeX Error: There's no line here to end.

See the LaTeX manual or LaTeX Companion for explanation.
Type  H <return>  for immediate help.
 ...                                              
                                                  
l.60 \maketitle
               
Your command was ignored.
Type  I <command> <return>  to replace it with another command,
or  <return>  to continue without it.

! Missing $ inserted.
<inserted text> 
                $
l.60 \maketitle
               
I've inserted a begin-math/end-math symbol since I think
you left one out. Proceed, with fingers crossed.

! Missing } inserted.
<inserted text> 
                }
l.60 \maketitle
               
I've inserted something that you may have forgotten.
(See the <inserted text> above.)
With luck, this will get me unwedged. But if you
really didn't forget anything, try typing `2' now; then
my insertion and my current dilemma will both disappear.

LaTeX Font Info:    Try loading font information for T1+aett on input line 60.
(/usr/share/texmf-texlive/tex/latex/ae/t1aett.fd
File: t1aett.fd 1997/11/16 Font definitions for T1/aett.
)
LaTeX Font Info:    External font `cmex10' loaded for size
(Font)              <9> on input line 63.

! Missing $ inserted.
<inserted text> 
                $
l.63 ...√ß√£o do Exerc√≠cio Pr√°tico n.¬∫ 3 do m√≥
                                                  dulo de Engenharia Gramati...
I've inserted a begin-math/end-math symbol since I think
you left one out. Proceed, with fingers crossed.

! Extra }, or forgotten $.
\maththreesuperior ->{^3}
                         
l.63 ...√ß√£o do Exerc√≠cio Pr√°tico n.¬∫ 3 do m√≥
                                                  dulo de Engenharia Gramati...
I've deleted a group-closing symbol because it seems to be
spurious, as in `$x}$'. But perhaps the } is legitimate and
you forgot something else, as in `\hbox{$x}'. In such cases
the way to recover is to insert both the forgotten and the
deleted material, e.g., by typing `I$}'.


LaTeX Warning: Command \~ invalid in math mode on input line 64.


LaTeX Warning: Command \~ invalid in math mode on input line 64.


LaTeX Warning: Command \textexclamdown invalid in math mode on input line 64.


LaTeX Warning: Command \~ invalid in math mode on input line 64.


LaTeX Warning: Command \~ invalid in math mode on input line 64.


LaTeX Warning: Command \~ invalid in math mode on input line 64.


LaTeX Warning: Command \textexclamdown invalid in math mode on input line 64.


LaTeX Warning: Command \~ invalid in math mode on input line 64.


LaTeX Warning: Command \textexclamdown invalid in math mode on input line 64.

! Missing $ inserted.
<inserted text> 
                $
l.65 
     
I've inserted a begin-math/end-math symbol since I think
you left one out. Proceed, with fingers crossed.

! Missing } inserted.
<inserted text> 
                }
l.65 
     
I've inserted something that you may have forgotten.
(See the <inserted text> above.)
With luck, this will get me unwedged. But if you
really didn't forget anything, try typing `2' now; then
my insertion and my current dilemma will both disappear.

Missing character: There is no √ in font cmr9!
Missing character: There is no √ in font cmr9!
Missing character: There is no Ω in font cmr9!
Missing character: There is no √ in font cmr9!
Missing character: There is no √ in font cmr9!
Missing character: There is no √ in font cmr9!
Missing character: There is no Ω in font cmr9!
Missing character: There is no √ in font cmr9!
Missing character: There is no Ω in font cmr9!

Overfull \hbox (57.16742pt too wide) in paragraph at lines 63--65
[]\T1/aer/m/n/9 Este do-cu-mento apre-senta a re-so-lu√ü√øo do Exerc√-cio Pr√Ωt
ico n.¬$[]$ 3 do m√$[]\OML/cmm/m/it/9 dulodeEngenhariaGramatical:Oexerc\T1/aer/
m/n/9 -
 []

[1

{/var/lib/texmf/fonts/map/pdftex/updmap/pdftex.map}] (./relatorio-base.toc)
\tf@toc=\write4
\openout4 = `relatorio-base.toc'.


[2]
! Missing $ inserted.
<inserted text> 
                $
l.79 ...or de Compiladores para gerar o nosso pr√≥
                                                  prio compilador, por isso ...
I've inserted a begin-math/end-math symbol since I think
you left one out. Proceed, with fingers crossed.

LaTeX Font Info:    External font `cmex10' loaded for size
(Font)              <7> on input line 79.
! Extra }, or forgotten $.
\maththreesuperior ->{^3}
                         
l.79 ...or de Compiladores para gerar o nosso pr√≥
                                                  prio compilador, por isso ...
I've deleted a group-closing symbol because it seems to be
spurious, as in `$x}$'. But perhaps the } is legitimate and
you forgot something else, as in `\hbox{$x}'. In such cases
the way to recover is to insert both the forgotten and the
deleted material, e.g., by typing `I$}'.


LaTeX Warning: Command \~ invalid in math mode on input line 79.


LaTeX Warning: Command \textexclamdown invalid in math mode on input line 79.


LaTeX Warning: Command \~ invalid in math mode on input line 79.

LaTeX Font Info:    Try loading font information for OMS+aer on input line 79.
(/usr/share/texmf/tex/latex/R/tex/latex/omsaer.fd
File: omsaer.fd 1999/12/27
)
LaTeX Font Info:    Font shape `OMS/aer/m/n' in size <10> not available
(Font)              Font shape `OMS/cmsy/m/n' tried instead on input line 79.


LaTeX Warning: Command \~ invalid in math mode on input line 79.


LaTeX Warning: Command \~ invalid in math mode on input line 79.


LaTeX Warning: Command \~ invalid in math mode on input line 79.


LaTeX Warning: Command \~ invalid in math mode on input line 79.


LaTeX Warning: Command \textexclamdown invalid in math mode on input line 79.


LaTeX Warning: Command \~ invalid in math mode on input line 79.


LaTeX Warning: Command \textexclamdown invalid in math mode on input line 79.


LaTeX Warning: Command \~ invalid in math mode on input line 79.


LaTeX Warning: Command \textexclamdown invalid in math mode on input line 79.

! Missing $ inserted.
<inserted text> 
                $
l.80 
     
I've inserted a begin-math/end-math symbol since I think
you left one out. Proceed, with fingers crossed.

Missing character: There is no √ in font cmr10!
Missing character: There is no Ω in font cmr10!
Missing character: There is no √ in font cmr10!
Missing character: There is no √ in font cmr10!
Missing character: There is no √ in font cmr10!
Missing character: There is no √ in font cmr10!
Missing character: There is no √ in font cmr10!
Missing character: There is no Ω in font cmr10!
Missing character: There is no √ in font cmr10!
Missing character: There is no Ω in font cmr10!
Missing character: There is no √ in font cmr10!
Missing character: There is no Ω in font cmr10!

Overfull \hbox (1058.58688pt too wide) in paragraph at lines 79--80
[]\T1/aer/m/n/10 Foi ne-cess√Ωrio usar um Ge-ra-dor de Com-pi-la-do-res para ge
-rar o nosso pr√$[]\OML/cmm/m/it/10 priocompilador; porissousmosoAnTLRque[]tamb
[]musadonasaulas:Parafacilitaroprocessodedebuggingdurantearesolu\OMS/cmsy/m/n/1
0 x\OT1/cmr/m/it/10 $\OML/cmm/m/it/10 odoproblemadado; usmosaferramentaAnTLRWor
ks; quetemumainterfacebastanteagradvelesimpticaparaajudararesolverproblemasdest
anatureza:$ 
 []

! Missing $ inserted.
<inserted text> 
                $
l.81 ...s que nos ajudou no desenvolvimento do c√≥
                                                  digo JAVA e ainda na cria√...
I've inserted a begin-math/end-math symbol since I think
you left one out. Proceed, with fingers crossed.

! Extra }, or forgotten $.
\maththreesuperior ->{^3}
                         
l.81 ...s que nos ajudou no desenvolvimento do c√≥
                                                  digo JAVA e ainda na cria√...
I've deleted a group-closing symbol because it seems to be
spurious, as in `$x}$'. But perhaps the } is legitimate and
you forgot something else, as in `\hbox{$x}'. In such cases
the way to recover is to insert both the forgotten and the
deleted material, e.g., by typing `I$}'.


LaTeX Warning: Command \~ invalid in math mode on input line 81.


LaTeX Warning: Command \~ invalid in math mode on input line 81.


LaTeX Warning: Command \~ invalid in math mode on input line 81.


LaTeX Warning: Command \~ invalid in math mode on input line 81.

! Missing $ inserted.
<inserted text> 
                $
l.82 
     
I've inserted a begin-math/end-math symbol since I think
you left one out. Proceed, with fingers crossed.

Missing character: There is no √ in font cmr10!
Missing character: There is no √ in font cmr10!
Missing character: There is no √ in font cmr10!
Missing character: There is no √ in font cmr10!
! Missing $ inserted.
<inserted text> 
                $
l.87 ...us movimentos podem ser em quatro dire√ß√µ
                                                  es diferentes (norte, sul,...
I've inserted a begin-math/end-math symbol since I think
you left one out. Proceed, with fingers crossed.


LaTeX Warning: Command \~ invalid in math mode on input line 87.


LaTeX Warning: Command \textcent invalid in math mode on input line 87.


! LaTeX Error: Command \textcent unavailable in encoding T1.

See the LaTeX manual or LaTeX Companion for explanation.
Type  H <return>  for immediate help.
 ...                                              
                                                  
l.87 ... um peso associado que representa a dist√¢
                                                  ncia que se vai deslocar (...

Your command was ignored.
Type  I <command> <return>  to replace it with another command,
or  <return>  to continue without it.


LaTeX Warning: Command \~ invalid in math mode on input line 87.


LaTeX Warning: Command \~ invalid in math mode on input line 87.


LaTeX Warning: Command \~ invalid in math mode on input line 87.


LaTeX Warning: Command \textexclamdown invalid in math mode on input line 87.


LaTeX Warning: Command \~ invalid in math mode on input line 87.

! Missing $ inserted.
<inserted text> 
                $
l.88 
     
I've inserted a begin-math/end-math symbol since I think
you left one out. Proceed, with fingers crossed.

Missing character: There is no √ in font cmr10!
Missing character: There is no √ in font cmr10!
Missing character: There is no √ in font cmr10!
Missing character: There is no √ in font cmr10!
Missing character: There is no Ω in font cmr10!
Missing character: There is no √ in font cmr10!

Overfull \hbox (536.19365pt too wide) in paragraph at lines 87--88
[]\T1/aer/m/n/10 O robo pode ter de-fi-nida uma po-si√ü√øo ini-cial e os seus m
o-vi-men-tos po-dem ser em qua-tro dire√ü√$\OML/cmm/m/it/10 ^^Vesdiferentes\OT1
/cmr/m/n/10 (\OML/cmm/m/it/10 norte; sul; esteeoeste\OT1/cmr/m/n/10 )\OML/cmm/m
/it/10 comumpesoassociadoquerepresentaadistnciaquesevaideslocar\OT1/cmr/m/n/10 
(\OML/cmm/m/it/10 porexemplo[]; desloca \OMS/cmsy/m/n/10 ^^@
 []

! Missing $ inserted.
<inserted text> 
                $
l.91 ...nda que tenha no in√≠cio certas defini√ß√µ
                                                  es como a dimens√£o do ter...
I've inserted a begin-math/end-math symbol since I think
you left one out. Proceed, with fingers crossed.


LaTeX Warning: Command \~ invalid in math mode on input line 91.


LaTeX Warning: Command \~ invalid in math mode on input line 91.


LaTeX Warning: Command \~ invalid in math mode on input line 91.


! LaTeX Error: Command \item invalid in math mode.

See the LaTeX manual or LaTeX Companion for explanation.
Type  H <return>  for immediate help.
 ...                                              
                                                  
l.92 \item
           Depois de definida a linguagem, t√≠nhamos de criar um processador...

Try typing  <return>  to proceed.
If that doesn't work, type  X <return>  to quit.


! LaTeX Error: Something's wrong--perhaps a missing \item.

See the LaTeX manual or LaTeX Companion for explanation.
Type  H <return>  for immediate help.
 ...                                              
                                                  
l.92 \item D
            epois de definida a linguagem, t√≠nhamos de criar um processador...

Try typing  <return>  to proceed.
If that doesn't work, type  X <return>  to quit.


! LaTeX Error: Something's wrong--perhaps a missing \item.

See the LaTeX manual or LaTeX Companion for explanation.
Type  H <return>  for immediate help.
 ...                                              
                                                  
l.92 \item D
            epois de definida a linguagem, t√≠nhamos de criar um processador...

Try typing  <return>  to proceed.
If that doesn't work, type  X <return>  to quit.


LaTeX Warning: Command \~ invalid in math mode on input line 92.


LaTeX Warning: Command \~ invalid in math mode on input line 92.

! Missing $ inserted.
<inserted text> 
                $
l.93 \begin{itemize}
                    
I've inserted a begin-math/end-math symbol since I think
you left one out. Proceed, with fingers crossed.

! Missing } inserted.
<inserted text> 
                }
l.93 \begin{itemize}
                    
I've inserted something that you may have forgotten.
(See the <inserted text> above.)
With luck, this will get me unwedged. But if you
really didn't forget anything, try typing `2' now; then
my insertion and my current dilemma will both disappear.

! Missing \endgroup inserted.
<inserted text> 
                \endgroup 
l.93 \begin{itemize}
                    
I've inserted something that you may have forgotten.
(See the <inserted text> above.)
With luck, this will get me unwedged. But if you
really didn't forget anything, try typing `2' now; then
my insertion and my current dilemma will both disappear.

Missing character: There is no √ in font cmr10!
Missing character: There is no √ in font cmr10!
Missing character: There is no √ in font cmr10!
Missing character: There is no √ in font cmr10!
Missing character: There is no √ in font cmr10!

Overfull \hbox (131.69461pt too wide) in paragraph at lines 91--93
\T1/aer/m/n/10 mi-tir ainda que te-nha no in√-cio cer-tas defini√ü√$\OML/cmm/m/
it/10 ^^Vescomoadimens\OT1/cmr/m/it/10 $\OML/cmm/m/it/10 odoterrenoeaposi\OMS/c
msy/m/n/10 x\OT1/cmr/m/it/10 $\OML/cmm/m/it/10 oinicialdorobo:Depoisdedefinidaa
linguagem; t\T1/aer/m/n/10 -
 []


Overfull \hbox (20.843pt too wide) in paragraph at lines 91--93
\OML/cmm/m/it/10 nhamosdecriarumprocessadorparaasposs\T1/aer/m/n/10 -\OML/cmm/m
/it/10 veisfrasesquepodiamsergeradascomasseguintesfuncionalidades \OT1/cmr/m/n/
10 :
 []

! Extra }, or forgotten \endgroup.
\par ...m \@noitemerr {\@@par }\fi \else {\@@par }
                                                  \fi 
l.93 \begin{itemize}
                    
I've deleted a group-closing symbol because it seems to be
spurious, as in `$x}$'. But perhaps the } is legitimate and
you forgot something else, as in `\hbox{$x}'. In such cases
the way to recover is to insert both the forgotten and the
deleted material, e.g., by typing `I$}'.


! LaTeX Error: Command \textcent unavailable in encoding T1.

See the LaTeX manual or LaTeX Companion for explanation.
Type  H <return>  for immediate help.
 ...                                              
                                                  
l.95 \item Calcular a dist√¢
                            ncia (em cm) que o robo percorreu durante a sua ...

Your command was ignored.
Type  I <command> <return>  to replace it with another command,
or  <return>  to continue without it.


! LaTeX Error: Command \textcent unavailable in encoding T1.

See the LaTeX manual or LaTeX Companion for explanation.
Type  H <return>  for immediate help.
 ...                                              
                                                  
l.97 \item Determinar a dist√¢
                              ncia m√©dia que o robo se desloca por cada mov...

Your command was ignored.
Type  I <command> <return>  to replace it with another command,
or  <return>  to continue without it.


! LaTeX Error: \begin{enumerate} on input line 90 ended by \end{itemize}.

See the LaTeX manual or LaTeX Companion for explanation.
Type  H <return>  for immediate help.
 ...                                              
                                                  
l.98 \end{itemize}
                  
Your command was ignored.
Type  I <command> <return>  to replace it with another command,
or  <return>  to continue without it.


! LaTeX Error: \begin{document} ended by \end{enumerate}.

See the LaTeX manual or LaTeX Companion for explanation.
Type  H <return>  for immediate help.
 ...                                              
                                                  
l.99 \end{enumerate}
                    
Your command was ignored.
Type  I <command> <return>  to replace it with another command,
or  <return>  to continue without it.

! Missing } inserted.
<inserted text> 
                }
l.99 \end{enumerate}
                    
I've inserted something that you may have forgotten.
(See the <inserted text> above.)
With luck, this will get me unwedged. But if you
really didn't forget anything, try typing `2' now; then
my insertion and my current dilemma will both disappear.

! Missing } inserted.
<inserted text> 
                }
l.99 \end{enumerate}
                    
I've inserted something that you may have forgotten.
(See the <inserted text> above.)
With luck, this will get me unwedged. But if you
really didn't forget anything, try typing `2' now; then
my insertion and my current dilemma will both disappear.

! Extra \endgroup.
<recently read> \endgroup 
                          
l.99 \end{enumerate}
                    
Things are pretty mixed up, but I think the worst is over.

[3] (./gramatica.g [4]) (./in1.txt)
<arv1.jpeg, id=40, 1784.6675pt x 252.945pt>
File: arv1.jpeg Graphic file (type jpg)
 <use arv1.jpeg>
Overfull \hbox (33.84346pt too wide) in paragraph at lines 143--145
 [][] 
 []


! Package inputenc Error: Keyboard character used is undefined
(inputenc)                in inputencoding `latin1'.

See the inputenc package documentation for explanation.
Type  H <return>  for immediate help.
 ...                                              
                                                  
l.145 \caption{√Årvore de deriva√ß√£o}
                                      
You need to provide a definition with \DeclareInputText 
or \DeclareInputMath before using this key.

[5]
! Missing $ inserted.
<inserted text> 
                $
l.156 ...as as estat√≠sticas e todas as restri√ß√µ
                                                  es que eram necess√°rias.
I've inserted a begin-math/end-math symbol since I think
you left one out. Proceed, with fingers crossed.


LaTeX Warning: Command \~ invalid in math mode on input line 156.


LaTeX Warning: Command \textexclamdown invalid in math mode on input line 156.

! Missing $ inserted.
<inserted text> 
                $
l.157 
      
I've inserted a begin-math/end-math symbol since I think
you left one out. Proceed, with fingers crossed.

Missing character: There is no √ in font cmr10!
Missing character: There is no Ω in font cmr10!
! Missing $ inserted.
<inserted text> 
                $
l.166 ... de uma unidade de movimento, as dimens√µ
                                                  es do terreno onde o robo ...
I've inserted a begin-math/end-math symbol since I think
you left one out. Proceed, with fingers crossed.


LaTeX Warning: Command \~ invalid in math mode on input line 166.


LaTeX Warning: Command \~ invalid in math mode on input line 166.


LaTeX Warning: Command \textexclamdown invalid in math mode on input line 166.


LaTeX Warning: Command \~ invalid in math mode on input line 166.


LaTeX Warning: Command \~ invalid in math mode on input line 166.


LaTeX Warning: Command \~ invalid in math mode on input line 166.


LaTeX Warning: Command \~ invalid in math mode on input line 166.


LaTeX Warning: Command \~ invalid in math mode on input line 166.


LaTeX Warning: Command \~ invalid in math mode on input line 166.


LaTeX Warning: Command \~ invalid in math mode on input line 166.


LaTeX Warning: Command \~ invalid in math mode on input line 166.

! Missing $ inserted.
<inserted text> 
                $
l.167 
      
I've inserted a begin-math/end-math symbol since I think
you left one out. Proceed, with fingers crossed.

Missing character: There is no √ in font cmr10!
Missing character: There is no √ in font cmr10!
Missing character: There is no Ω in font cmr10!
Missing character: There is no √ in font cmr10!
Missing character: There is no √ in font cmr10!
Missing character: There is no √ in font cmr10!
Missing character: There is no √ in font cmr10!
Missing character: There is no √ in font cmr10!
Missing character: There is no √ in font cmr10!
Missing character: There is no √ in font cmr10!
Missing character: There is no √ in font cmr10!

Overfull \hbox (691.11624pt too wide) in paragraph at lines 166--167
\T1/aer/m/n/10 cont√[]m o va-lor, em cm, de uma uni-dade de mo-vi-mento, as dim
ens√$\OML/cmm/m/it/10 ^^Vesdoterrenoondeorobosevaimovimentareverificaseorobon\O
T1/cmr/m/it/10 $\OML/cmm/m/it/10 osequerdeslocarparaforadele:Paraconfirmarvisua
lmentequetudooqueerapedidoaoRoboseconcretizava; crimosumainterfaceonde[]poss\T1
/aer/m/n/10 -
 []


Overfull \hbox (214.65976pt too wide) in paragraph at lines 166--167
\OML/cmm/m/it/10 velveradesloca\OMS/cmsy/m/n/10 x\OT1/cmr/m/it/10 $\OML/cmm/m/i
t/10 o; passoapasso; doRoboeaindaasestat\T1/aer/m/n/10 -\OML/cmm/m/it/10 sticas
geradas:Estainterfacecorresponde classe[]querecorreaoJavaSWINGparacriaraanima\O
MS/cmsy/m/n/10 x\OT1/cmr/m/it/10 $\OML/cmm/m/it/10 o:$ 
 []

! Missing $ inserted.
<inserted text> 
                $
l.168 Em anexo est√° o c√≥
                          digo java de cada classe.
I've inserted a begin-math/end-math symbol since I think
you left one out. Proceed, with fingers crossed.

! Extra }, or forgotten $.
\maththreesuperior ->{^3}
                         
l.168 Em anexo est√° o c√≥
                          digo java de cada classe.
I've deleted a group-closing symbol because it seems to be
spurious, as in `$x}$'. But perhaps the } is legitimate and
you forgot something else, as in `\hbox{$x}'. In such cases
the way to recover is to insert both the forgotten and the
deleted material, e.g., by typing `I$}'.

! Missing $ inserted.
<inserted text> 
                $
l.169 
      
I've inserted a begin-math/end-math symbol since I think
you left one out. Proceed, with fingers crossed.

(./robot.g [6 (./robot.g
! Undefined control sequence.
l.105     :   '//' ~('\n
                        '|'\r')* '\r'? '\n' {$channel=HIDDEN;}
The control sequence at the end of the top line
of your error message was never \def'ed. If you have
misspelled it (e.g., `\hobx'), type `I' and the correct
spelling (e.g., `I\hbox'). Otherwise just continue,
and I'll forget about whatever was undefined.

! Undefined control sequence.
l.105     :   '//' ~('\n'|'\r')* '\r'? '\n
                                          ' {$channel=HIDDEN;}
The control sequence at the end of the top line
of your error message was never \def'ed. If you have
misspelled it (e.g., `\hobx'), type `I' and the correct
spelling (e.g., `I\hbox'). Otherwise just continue,
and I'll forget about whatever was undefined.

! Undefined control sequence.
l.112         | '\n
                   '
The control sequence at the end of the top line
of your error message was never \def'ed. If you have
misspelled it (e.g., `\hobx'), type `I' and the correct
spelling (e.g., `I\hbox'). Otherwise just continue,
and I'll forget about whatever was undefined.

)
Runaway text?
\@writefile{lof}{\contentsline {figure}{\numberline {1}{\ignorespaces \ETC.
! File ended while scanning text of \write.
<inserted text> 
                }
l.10 	import 
             Robot.Matrix;
I suspect you have forgotten a `}', causing me
to read past where you wanted me to stop.
I'll try to recover; but if the error is serious,
you'd better type `E' or `X' now and fix your file.

! I can't find file `{o}'.
<to be read again> 
                   \@inpenc@test 
l.10 	import 
             Robot.Matrix;
(Press Enter to retry, or Control-D to exit)
Please type another input file name
! Emergency stop.
<to be read again> 
                   \@inpenc@test 
l.10 	import 
             Robot.Matrix;
*** (job aborted, file error in nonstop mode)

 
Here is how much of TeX's memory you used:
 5144 strings out of 495014
 65705 string characters out of 1180707
 287998 words of memory out of 3000000
 8218 multiletter control sequences out of 15000+50000
 41508 words of font info for 83 fonts, out of 3000000 for 9000
 30 hyphenation exceptions out of 8191
 35i,9n,43p,729b,1737s stack positions out of 5000i,500n,10000p,200000b,50000s
!  ==> Fatal error occurred, no output PDF file produced!
